
===========================================================================
report_checks -path_delay min (Hold)
============================================================================
Startpoint: rst_n (input port clocked by clk)
Endpoint: _12651_ (removal check against rising-edge clock clk)
Path Group: **async_default**
Path Type: min

Fanout     Cap    Slew   Delay    Time   Description
-----------------------------------------------------------------------------
                  0.15    0.00    0.00   clock clk (rise edge)
                          0.00    0.00   clock network delay (ideal)
                          2.00    2.00 ^ input external delay
                  5.19    3.37    5.37 ^ rst_n (in)
   312    1.16                           rst_n (net)
                  5.19    0.00    5.37 ^ _12651_/RESET_B (sky130_fd_sc_hd__dfrtp_2)
                                  5.37   data arrival time

                  0.15    0.00    0.00   clock clk (rise edge)
                          0.00    0.00   clock network delay (ideal)
                          0.25    0.25   clock uncertainty
                          0.00    0.25   clock reconvergence pessimism
                                  0.25 ^ _12651_/CLK (sky130_fd_sc_hd__dfrtp_2)
                          1.72    1.97   library removal time
                                  1.97   data required time
-----------------------------------------------------------------------------
                                  1.97   data required time
                                 -5.37   data arrival time
-----------------------------------------------------------------------------
                                  3.40   slack (MET)


Startpoint: rst_n (input port clocked by clk)
Endpoint: _12652_ (removal check against rising-edge clock clk)
Path Group: **async_default**
Path Type: min

Fanout     Cap    Slew   Delay    Time   Description
-----------------------------------------------------------------------------
                  0.15    0.00    0.00   clock clk (rise edge)
                          0.00    0.00   clock network delay (ideal)
                          2.00    2.00 ^ input external delay
                  5.19    3.37    5.37 ^ rst_n (in)
   312    1.16                           rst_n (net)
                  5.19    0.00    5.37 ^ _12652_/RESET_B (sky130_fd_sc_hd__dfrtp_2)
                                  5.37   data arrival time

                  0.15    0.00    0.00   clock clk (rise edge)
                          0.00    0.00   clock network delay (ideal)
                          0.25    0.25   clock uncertainty
                          0.00    0.25   clock reconvergence pessimism
                                  0.25 ^ _12652_/CLK (sky130_fd_sc_hd__dfrtp_2)
                          1.72    1.97   library removal time
                                  1.97   data required time
-----------------------------------------------------------------------------
                                  1.97   data required time
                                 -5.37   data arrival time
-----------------------------------------------------------------------------
                                  3.40   slack (MET)


Startpoint: rst_n (input port clocked by clk)
Endpoint: _12653_ (removal check against rising-edge clock clk)
Path Group: **async_default**
Path Type: min

Fanout     Cap    Slew   Delay    Time   Description
-----------------------------------------------------------------------------
                  0.15    0.00    0.00   clock clk (rise edge)
                          0.00    0.00   clock network delay (ideal)
                          2.00    2.00 ^ input external delay
                  5.19    3.37    5.37 ^ rst_n (in)
   312    1.16                           rst_n (net)
                  5.19    0.00    5.37 ^ _12653_/RESET_B (sky130_fd_sc_hd__dfrtp_2)
                                  5.37   data arrival time

                  0.15    0.00    0.00   clock clk (rise edge)
                          0.00    0.00   clock network delay (ideal)
                          0.25    0.25   clock uncertainty
                          0.00    0.25   clock reconvergence pessimism
                                  0.25 ^ _12653_/CLK (sky130_fd_sc_hd__dfrtp_2)
                          1.72    1.97   library removal time
                                  1.97   data required time
-----------------------------------------------------------------------------
                                  1.97   data required time
                                 -5.37   data arrival time
-----------------------------------------------------------------------------
                                  3.40   slack (MET)


Startpoint: rst_n (input port clocked by clk)
Endpoint: _12654_ (removal check against rising-edge clock clk)
Path Group: **async_default**
Path Type: min

Fanout     Cap    Slew   Delay    Time   Description
-----------------------------------------------------------------------------
                  0.15    0.00    0.00   clock clk (rise edge)
                          0.00    0.00   clock network delay (ideal)
                          2.00    2.00 ^ input external delay
                  5.19    3.37    5.37 ^ rst_n (in)
   312    1.16                           rst_n (net)
                  5.19    0.00    5.37 ^ _12654_/RESET_B (sky130_fd_sc_hd__dfrtp_2)
                                  5.37   data arrival time

                  0.15    0.00    0.00   clock clk (rise edge)
                          0.00    0.00   clock network delay (ideal)
                          0.25    0.25   clock uncertainty
                          0.00    0.25   clock reconvergence pessimism
                                  0.25 ^ _12654_/CLK (sky130_fd_sc_hd__dfrtp_2)
                          1.72    1.97   library removal time
                                  1.97   data required time
-----------------------------------------------------------------------------
                                  1.97   data required time
                                 -5.37   data arrival time
-----------------------------------------------------------------------------
                                  3.40   slack (MET)


Startpoint: rst_n (input port clocked by clk)
Endpoint: _12655_ (removal check against rising-edge clock clk)
Path Group: **async_default**
Path Type: min

Fanout     Cap    Slew   Delay    Time   Description
-----------------------------------------------------------------------------
                  0.15    0.00    0.00   clock clk (rise edge)
                          0.00    0.00   clock network delay (ideal)
                          2.00    2.00 ^ input external delay
                  5.19    3.37    5.37 ^ rst_n (in)
   312    1.16                           rst_n (net)
                  5.19    0.00    5.37 ^ _12655_/RESET_B (sky130_fd_sc_hd__dfrtp_2)
                                  5.37   data arrival time

                  0.15    0.00    0.00   clock clk (rise edge)
                          0.00    0.00   clock network delay (ideal)
                          0.25    0.25   clock uncertainty
                          0.00    0.25   clock reconvergence pessimism
                                  0.25 ^ _12655_/CLK (sky130_fd_sc_hd__dfrtp_2)
                          1.72    1.97   library removal time
                                  1.97   data required time
-----------------------------------------------------------------------------
                                  1.97   data required time
                                 -5.37   data arrival time
-----------------------------------------------------------------------------
                                  3.40   slack (MET)


Startpoint: _12997_ (rising edge-triggered flip-flop clocked by clk)
Endpoint: _12909_ (rising edge-triggered flip-flop clocked by clk)
Path Group: clk
Path Type: min

Fanout     Cap    Slew   Delay    Time   Description
-----------------------------------------------------------------------------
                  0.15    0.00    0.00   clock clk (rise edge)
                          0.00    0.00   clock network delay (ideal)
                  0.15    0.00    0.00 ^ _12997_/CLK (sky130_fd_sc_hd__dfxtp_2)
                  0.02    0.32    0.32 v _12997_/Q (sky130_fd_sc_hd__dfxtp_2)
     1    0.00                           sa_inst.sak._33_ (net)
                  0.02    0.00    0.32 v _12909_/D (sky130_fd_sc_hd__dfxtp_2)
                                  0.32   data arrival time

                  0.15    0.00    0.00   clock clk (rise edge)
                          0.00    0.00   clock network delay (ideal)
                          0.25    0.25   clock uncertainty
                          0.00    0.25   clock reconvergence pessimism
                                  0.25 ^ _12909_/CLK (sky130_fd_sc_hd__dfxtp_2)
                         -0.01    0.24   library hold time
                                  0.24   data required time
-----------------------------------------------------------------------------
                                  0.24   data required time
                                 -0.32   data arrival time
-----------------------------------------------------------------------------
                                  0.09   slack (MET)


Startpoint: _12919_ (rising edge-triggered flip-flop clocked by clk)
Endpoint: _12952_ (rising edge-triggered flip-flop clocked by clk)
Path Group: clk
Path Type: min

Fanout     Cap    Slew   Delay    Time   Description
-----------------------------------------------------------------------------
                  0.15    0.00    0.00   clock clk (rise edge)
                          0.00    0.00   clock network delay (ideal)
                  0.15    0.00    0.00 ^ _12919_/CLK (sky130_fd_sc_hd__dfxtp_2)
                  0.02    0.32    0.32 v _12919_/Q (sky130_fd_sc_hd__dfxtp_2)
     1    0.00                           sa_inst.sak.rows:1.cols:1.pe_ij._00_[0] (net)
                  0.02    0.00    0.32 v _12952_/D (sky130_fd_sc_hd__dfxtp_2)
                                  0.32   data arrival time

                  0.15    0.00    0.00   clock clk (rise edge)
                          0.00    0.00   clock network delay (ideal)
                          0.25    0.25   clock uncertainty
                          0.00    0.25   clock reconvergence pessimism
                                  0.25 ^ _12952_/CLK (sky130_fd_sc_hd__dfxtp_2)
                         -0.01    0.24   library hold time
                                  0.24   data required time
-----------------------------------------------------------------------------
                                  0.24   data required time
                                 -0.32   data arrival time
-----------------------------------------------------------------------------
                                  0.09   slack (MET)


Startpoint: _12920_ (rising edge-triggered flip-flop clocked by clk)
Endpoint: _12953_ (rising edge-triggered flip-flop clocked by clk)
Path Group: clk
Path Type: min

Fanout     Cap    Slew   Delay    Time   Description
-----------------------------------------------------------------------------
                  0.15    0.00    0.00   clock clk (rise edge)
                          0.00    0.00   clock network delay (ideal)
                  0.15    0.00    0.00 ^ _12920_/CLK (sky130_fd_sc_hd__dfxtp_2)
                  0.02    0.32    0.32 v _12920_/Q (sky130_fd_sc_hd__dfxtp_2)
     1    0.00                           sa_inst.sak.rows:1.cols:1.pe_ij._00_[1] (net)
                  0.02    0.00    0.32 v _12953_/D (sky130_fd_sc_hd__dfxtp_2)
                                  0.32   data arrival time

                  0.15    0.00    0.00   clock clk (rise edge)
                          0.00    0.00   clock network delay (ideal)
                          0.25    0.25   clock uncertainty
                          0.00    0.25   clock reconvergence pessimism
                                  0.25 ^ _12953_/CLK (sky130_fd_sc_hd__dfxtp_2)
                         -0.01    0.24   library hold time
                                  0.24   data required time
-----------------------------------------------------------------------------
                                  0.24   data required time
                                 -0.32   data arrival time
-----------------------------------------------------------------------------
                                  0.09   slack (MET)


Startpoint: _12921_ (rising edge-triggered flip-flop clocked by clk)
Endpoint: _12954_ (rising edge-triggered flip-flop clocked by clk)
Path Group: clk
Path Type: min

Fanout     Cap    Slew   Delay    Time   Description
-----------------------------------------------------------------------------
                  0.15    0.00    0.00   clock clk (rise edge)
                          0.00    0.00   clock network delay (ideal)
                  0.15    0.00    0.00 ^ _12921_/CLK (sky130_fd_sc_hd__dfxtp_2)
                  0.02    0.32    0.32 v _12921_/Q (sky130_fd_sc_hd__dfxtp_2)
     1    0.00                           sa_inst.sak.rows:1.cols:1.pe_ij._00_[2] (net)
                  0.02    0.00    0.32 v _12954_/D (sky130_fd_sc_hd__dfxtp_2)
                                  0.32   data arrival time

                  0.15    0.00    0.00   clock clk (rise edge)
                          0.00    0.00   clock network delay (ideal)
                          0.25    0.25   clock uncertainty
                          0.00    0.25   clock reconvergence pessimism
                                  0.25 ^ _12954_/CLK (sky130_fd_sc_hd__dfxtp_2)
                         -0.01    0.24   library hold time
                                  0.24   data required time
-----------------------------------------------------------------------------
                                  0.24   data required time
                                 -0.32   data arrival time
-----------------------------------------------------------------------------
                                  0.09   slack (MET)


Startpoint: _12922_ (rising edge-triggered flip-flop clocked by clk)
Endpoint: _12955_ (rising edge-triggered flip-flop clocked by clk)
Path Group: clk
Path Type: min

Fanout     Cap    Slew   Delay    Time   Description
-----------------------------------------------------------------------------
                  0.15    0.00    0.00   clock clk (rise edge)
                          0.00    0.00   clock network delay (ideal)
                  0.15    0.00    0.00 ^ _12922_/CLK (sky130_fd_sc_hd__dfxtp_2)
                  0.02    0.32    0.32 v _12922_/Q (sky130_fd_sc_hd__dfxtp_2)
     1    0.00                           sa_inst.sak.rows:1.cols:1.pe_ij._00_[3] (net)
                  0.02    0.00    0.32 v _12955_/D (sky130_fd_sc_hd__dfxtp_2)
                                  0.32   data arrival time

                  0.15    0.00    0.00   clock clk (rise edge)
                          0.00    0.00   clock network delay (ideal)
                          0.25    0.25   clock uncertainty
                          0.00    0.25   clock reconvergence pessimism
                                  0.25 ^ _12955_/CLK (sky130_fd_sc_hd__dfxtp_2)
                         -0.01    0.24   library hold time
                                  0.24   data required time
-----------------------------------------------------------------------------
                                  0.24   data required time
                                 -0.32   data arrival time
-----------------------------------------------------------------------------
                                  0.09   slack (MET)


