
===========================================================================
report_checks -path_delay max (Setup)
============================================================================
Startpoint: rst_n (input port clocked by clk)
Endpoint: _13460_ (recovery check against rising-edge clock clk)
Path Group: **async_default**
Path Type: max

Fanout     Cap    Slew   Delay    Time   Description
-----------------------------------------------------------------------------
                          0.00    0.00   clock clk (rise edge)
                          0.00    0.00   clock network delay (propagated)
                          2.00    2.00 ^ input external delay
                  0.03    0.02    2.02 ^ rst_n (in)
     1    0.00                           rst_n (net)
                  0.03    0.00    2.02 ^ input27/A (sky130_fd_sc_hd__buf_4)
                  0.09    0.14    2.16 ^ input27/X (sky130_fd_sc_hd__buf_4)
     1    0.03                           net27 (net)
                  0.09    0.00    2.16 ^ repeater60/A (sky130_fd_sc_hd__buf_12)
                  0.46    0.43    2.59 ^ repeater60/X (sky130_fd_sc_hd__buf_12)
    68    0.42                           net60 (net)
                  0.46    0.01    2.60 ^ repeater58/A (sky130_fd_sc_hd__buf_12)
                  0.40    0.42    3.03 ^ repeater58/X (sky130_fd_sc_hd__buf_12)
    63    0.35                           net58 (net)
                  0.40    0.03    3.05 ^ repeater57/A (sky130_fd_sc_hd__buf_12)
                  0.42    0.43    3.48 ^ repeater57/X (sky130_fd_sc_hd__buf_12)
    65    0.37                           net57 (net)
                  0.43    0.05    3.53 ^ _13460_/RESET_B (sky130_fd_sc_hd__dfrtp_2)
                                  3.53   data arrival time

                         10.00   10.00   clock clk (rise edge)
                          0.00   10.00   clock source latency
                  0.27    0.18   10.18 ^ clk (in)
     1    0.06                           clk (net)
                  0.27    0.00   10.18 ^ clkbuf_0_clk/A (sky130_fd_sc_hd__clkbuf_16)
                  0.05    0.19   10.37 ^ clkbuf_0_clk/X (sky130_fd_sc_hd__clkbuf_16)
     2    0.02                           clknet_0_clk (net)
                  0.05    0.00   10.37 ^ clkbuf_1_1_0_clk/A (sky130_fd_sc_hd__clkbuf_2)
                  0.18    0.19   10.56 ^ clkbuf_1_1_0_clk/X (sky130_fd_sc_hd__clkbuf_2)
     2    0.03                           clknet_1_1_0_clk (net)
                  0.18    0.00   10.56 ^ clkbuf_2_3_0_clk/A (sky130_fd_sc_hd__clkbuf_2)
                  0.19    0.24   10.80 ^ clkbuf_2_3_0_clk/X (sky130_fd_sc_hd__clkbuf_2)
     2    0.03                           clknet_2_3_0_clk (net)
                  0.19    0.00   10.80 ^ clkbuf_3_7_0_clk/A (sky130_fd_sc_hd__clkbuf_2)
                  0.11    0.19   10.99 ^ clkbuf_3_7_0_clk/X (sky130_fd_sc_hd__clkbuf_2)
     2    0.02                           clknet_3_7_0_clk (net)
                  0.11    0.00   10.99 ^ clkbuf_4_14_0_clk/A (sky130_fd_sc_hd__clkbuf_2)
                  0.71    0.56   11.55 ^ clkbuf_4_14_0_clk/X (sky130_fd_sc_hd__clkbuf_2)
    11    0.13                           clknet_4_14_0_clk (net)
                  0.71    0.00   11.55 ^ clkbuf_leaf_123_clk/A (sky130_fd_sc_hd__clkbuf_16)
                  0.08    0.28   11.84 ^ clkbuf_leaf_123_clk/X (sky130_fd_sc_hd__clkbuf_16)
    16    0.05                           clknet_leaf_123_clk (net)
                  0.08    0.00   11.84 ^ _13460_/CLK (sky130_fd_sc_hd__dfrtp_2)
                         -0.25   11.59   clock uncertainty
                          0.00   11.59   clock reconvergence pessimism
                          0.12   11.70   library recovery time
                                 11.70   data required time
-----------------------------------------------------------------------------
                                 11.70   data required time
                                 -3.53   data arrival time
-----------------------------------------------------------------------------
                                  8.17   slack (MET)


Startpoint: rst_n (input port clocked by clk)
Endpoint: _13459_ (recovery check against rising-edge clock clk)
Path Group: **async_default**
Path Type: max

Fanout     Cap    Slew   Delay    Time   Description
-----------------------------------------------------------------------------
                          0.00    0.00   clock clk (rise edge)
                          0.00    0.00   clock network delay (propagated)
                          2.00    2.00 ^ input external delay
                  0.03    0.02    2.02 ^ rst_n (in)
     1    0.00                           rst_n (net)
                  0.03    0.00    2.02 ^ input27/A (sky130_fd_sc_hd__buf_4)
                  0.09    0.14    2.16 ^ input27/X (sky130_fd_sc_hd__buf_4)
     1    0.03                           net27 (net)
                  0.09    0.00    2.16 ^ repeater60/A (sky130_fd_sc_hd__buf_12)
                  0.46    0.43    2.59 ^ repeater60/X (sky130_fd_sc_hd__buf_12)
    68    0.42                           net60 (net)
                  0.46    0.01    2.60 ^ repeater58/A (sky130_fd_sc_hd__buf_12)
                  0.40    0.42    3.03 ^ repeater58/X (sky130_fd_sc_hd__buf_12)
    63    0.35                           net58 (net)
                  0.40    0.03    3.05 ^ repeater57/A (sky130_fd_sc_hd__buf_12)
                  0.42    0.43    3.48 ^ repeater57/X (sky130_fd_sc_hd__buf_12)
    65    0.37                           net57 (net)
                  0.42    0.05    3.53 ^ _13459_/RESET_B (sky130_fd_sc_hd__dfrtp_2)
                                  3.53   data arrival time

                         10.00   10.00   clock clk (rise edge)
                          0.00   10.00   clock source latency
                  0.27    0.18   10.18 ^ clk (in)
     1    0.06                           clk (net)
                  0.27    0.00   10.18 ^ clkbuf_0_clk/A (sky130_fd_sc_hd__clkbuf_16)
                  0.05    0.19   10.37 ^ clkbuf_0_clk/X (sky130_fd_sc_hd__clkbuf_16)
     2    0.02                           clknet_0_clk (net)
                  0.05    0.00   10.37 ^ clkbuf_1_1_0_clk/A (sky130_fd_sc_hd__clkbuf_2)
                  0.18    0.19   10.56 ^ clkbuf_1_1_0_clk/X (sky130_fd_sc_hd__clkbuf_2)
     2    0.03                           clknet_1_1_0_clk (net)
                  0.18    0.00   10.56 ^ clkbuf_2_2_0_clk/A (sky130_fd_sc_hd__clkbuf_2)
                  0.19    0.24   10.80 ^ clkbuf_2_2_0_clk/X (sky130_fd_sc_hd__clkbuf_2)
     2    0.04                           clknet_2_2_0_clk (net)
                  0.19    0.00   10.80 ^ clkbuf_3_5_0_clk/A (sky130_fd_sc_hd__clkbuf_2)
                  0.12    0.19   11.00 ^ clkbuf_3_5_0_clk/X (sky130_fd_sc_hd__clkbuf_2)
     2    0.02                           clknet_3_5_0_clk (net)
                  0.12    0.00   11.00 ^ clkbuf_4_11_0_clk/A (sky130_fd_sc_hd__clkbuf_2)
                  0.76    0.59   11.59 ^ clkbuf_4_11_0_clk/X (sky130_fd_sc_hd__clkbuf_2)
    11    0.14                           clknet_4_11_0_clk (net)
                  0.76    0.00   11.59 ^ clkbuf_leaf_122_clk/A (sky130_fd_sc_hd__clkbuf_16)
                  0.06    0.26   11.85 ^ clkbuf_leaf_122_clk/X (sky130_fd_sc_hd__clkbuf_16)
     5    0.02                           clknet_leaf_122_clk (net)
                  0.06    0.00   11.85 ^ _13459_/CLK (sky130_fd_sc_hd__dfrtp_2)
                         -0.25   11.60   clock uncertainty
                          0.00   11.60   clock reconvergence pessimism
                          0.11   11.71   library recovery time
                                 11.71   data required time
-----------------------------------------------------------------------------
                                 11.71   data required time
                                 -3.53   data arrival time
-----------------------------------------------------------------------------
                                  8.18   slack (MET)


Startpoint: rst_n (input port clocked by clk)
Endpoint: _13450_ (recovery check against rising-edge clock clk)
Path Group: **async_default**
Path Type: max

Fanout     Cap    Slew   Delay    Time   Description
-----------------------------------------------------------------------------
                          0.00    0.00   clock clk (rise edge)
                          0.00    0.00   clock network delay (propagated)
                          2.00    2.00 ^ input external delay
                  0.03    0.02    2.02 ^ rst_n (in)
     1    0.00                           rst_n (net)
                  0.03    0.00    2.02 ^ input27/A (sky130_fd_sc_hd__buf_4)
                  0.09    0.14    2.16 ^ input27/X (sky130_fd_sc_hd__buf_4)
     1    0.03                           net27 (net)
                  0.09    0.00    2.16 ^ repeater60/A (sky130_fd_sc_hd__buf_12)
                  0.46    0.43    2.59 ^ repeater60/X (sky130_fd_sc_hd__buf_12)
    68    0.42                           net60 (net)
                  0.46    0.01    2.60 ^ repeater58/A (sky130_fd_sc_hd__buf_12)
                  0.40    0.42    3.03 ^ repeater58/X (sky130_fd_sc_hd__buf_12)
    63    0.35                           net58 (net)
                  0.40    0.03    3.05 ^ repeater57/A (sky130_fd_sc_hd__buf_12)
                  0.42    0.43    3.48 ^ repeater57/X (sky130_fd_sc_hd__buf_12)
    65    0.37                           net57 (net)
                  0.42    0.05    3.53 ^ _13450_/RESET_B (sky130_fd_sc_hd__dfrtp_1)
                                  3.53   data arrival time

                         10.00   10.00   clock clk (rise edge)
                          0.00   10.00   clock source latency
                  0.27    0.18   10.18 ^ clk (in)
     1    0.06                           clk (net)
                  0.27    0.00   10.18 ^ clkbuf_0_clk/A (sky130_fd_sc_hd__clkbuf_16)
                  0.05    0.19   10.37 ^ clkbuf_0_clk/X (sky130_fd_sc_hd__clkbuf_16)
     2    0.02                           clknet_0_clk (net)
                  0.05    0.00   10.37 ^ clkbuf_1_1_0_clk/A (sky130_fd_sc_hd__clkbuf_2)
                  0.18    0.19   10.56 ^ clkbuf_1_1_0_clk/X (sky130_fd_sc_hd__clkbuf_2)
     2    0.03                           clknet_1_1_0_clk (net)
                  0.18    0.00   10.56 ^ clkbuf_2_3_0_clk/A (sky130_fd_sc_hd__clkbuf_2)
                  0.19    0.24   10.80 ^ clkbuf_2_3_0_clk/X (sky130_fd_sc_hd__clkbuf_2)
     2    0.03                           clknet_2_3_0_clk (net)
                  0.19    0.00   10.80 ^ clkbuf_3_7_0_clk/A (sky130_fd_sc_hd__clkbuf_2)
                  0.11    0.19   10.99 ^ clkbuf_3_7_0_clk/X (sky130_fd_sc_hd__clkbuf_2)
     2    0.02                           clknet_3_7_0_clk (net)
                  0.11    0.00   10.99 ^ clkbuf_4_14_0_clk/A (sky130_fd_sc_hd__clkbuf_2)
                  0.71    0.56   11.55 ^ clkbuf_4_14_0_clk/X (sky130_fd_sc_hd__clkbuf_2)
    11    0.13                           clknet_4_14_0_clk (net)
                  0.71    0.00   11.55 ^ clkbuf_leaf_104_clk/A (sky130_fd_sc_hd__clkbuf_16)
                  0.07    0.27   11.82 ^ clkbuf_leaf_104_clk/X (sky130_fd_sc_hd__clkbuf_16)
     9    0.03                           clknet_leaf_104_clk (net)
                  0.07    0.00   11.82 ^ _13450_/CLK (sky130_fd_sc_hd__dfrtp_1)
                         -0.25   11.57   clock uncertainty
                          0.00   11.57   clock reconvergence pessimism
                          0.14   11.71   library recovery time
                                 11.71   data required time
-----------------------------------------------------------------------------
                                 11.71   data required time
                                 -3.53   data arrival time
-----------------------------------------------------------------------------
                                  8.18   slack (MET)


Startpoint: rst_n (input port clocked by clk)
Endpoint: _13452_ (recovery check against rising-edge clock clk)
Path Group: **async_default**
Path Type: max

Fanout     Cap    Slew   Delay    Time   Description
-----------------------------------------------------------------------------
                          0.00    0.00   clock clk (rise edge)
                          0.00    0.00   clock network delay (propagated)
                          2.00    2.00 ^ input external delay
                  0.03    0.02    2.02 ^ rst_n (in)
     1    0.00                           rst_n (net)
                  0.03    0.00    2.02 ^ input27/A (sky130_fd_sc_hd__buf_4)
                  0.09    0.14    2.16 ^ input27/X (sky130_fd_sc_hd__buf_4)
     1    0.03                           net27 (net)
                  0.09    0.00    2.16 ^ repeater60/A (sky130_fd_sc_hd__buf_12)
                  0.46    0.43    2.59 ^ repeater60/X (sky130_fd_sc_hd__buf_12)
    68    0.42                           net60 (net)
                  0.46    0.01    2.60 ^ repeater58/A (sky130_fd_sc_hd__buf_12)
                  0.40    0.42    3.03 ^ repeater58/X (sky130_fd_sc_hd__buf_12)
    63    0.35                           net58 (net)
                  0.40    0.03    3.05 ^ repeater57/A (sky130_fd_sc_hd__buf_12)
                  0.42    0.43    3.48 ^ repeater57/X (sky130_fd_sc_hd__buf_12)
    65    0.37                           net57 (net)
                  0.42    0.05    3.53 ^ _13452_/RESET_B (sky130_fd_sc_hd__dfrtp_1)
                                  3.53   data arrival time

                         10.00   10.00   clock clk (rise edge)
                          0.00   10.00   clock source latency
                  0.27    0.18   10.18 ^ clk (in)
     1    0.06                           clk (net)
                  0.27    0.00   10.18 ^ clkbuf_0_clk/A (sky130_fd_sc_hd__clkbuf_16)
                  0.05    0.19   10.37 ^ clkbuf_0_clk/X (sky130_fd_sc_hd__clkbuf_16)
     2    0.02                           clknet_0_clk (net)
                  0.05    0.00   10.37 ^ clkbuf_1_1_0_clk/A (sky130_fd_sc_hd__clkbuf_2)
                  0.18    0.19   10.56 ^ clkbuf_1_1_0_clk/X (sky130_fd_sc_hd__clkbuf_2)
     2    0.03                           clknet_1_1_0_clk (net)
                  0.18    0.00   10.56 ^ clkbuf_2_3_0_clk/A (sky130_fd_sc_hd__clkbuf_2)
                  0.19    0.24   10.80 ^ clkbuf_2_3_0_clk/X (sky130_fd_sc_hd__clkbuf_2)
     2    0.03                           clknet_2_3_0_clk (net)
                  0.19    0.00   10.80 ^ clkbuf_3_7_0_clk/A (sky130_fd_sc_hd__clkbuf_2)
                  0.11    0.19   10.99 ^ clkbuf_3_7_0_clk/X (sky130_fd_sc_hd__clkbuf_2)
     2    0.02                           clknet_3_7_0_clk (net)
                  0.11    0.00   10.99 ^ clkbuf_4_14_0_clk/A (sky130_fd_sc_hd__clkbuf_2)
                  0.71    0.56   11.55 ^ clkbuf_4_14_0_clk/X (sky130_fd_sc_hd__clkbuf_2)
    11    0.13                           clknet_4_14_0_clk (net)
                  0.71    0.00   11.55 ^ clkbuf_leaf_104_clk/A (sky130_fd_sc_hd__clkbuf_16)
                  0.07    0.27   11.82 ^ clkbuf_leaf_104_clk/X (sky130_fd_sc_hd__clkbuf_16)
     9    0.03                           clknet_leaf_104_clk (net)
                  0.07    0.00   11.82 ^ _13452_/CLK (sky130_fd_sc_hd__dfrtp_1)
                         -0.25   11.57   clock uncertainty
                          0.00   11.57   clock reconvergence pessimism
                          0.14   11.71   library recovery time
                                 11.71   data required time
-----------------------------------------------------------------------------
                                 11.71   data required time
                                 -3.53   data arrival time
-----------------------------------------------------------------------------
                                  8.18   slack (MET)


Startpoint: rst_n (input port clocked by clk)
Endpoint: _13602_ (recovery check against rising-edge clock clk)
Path Group: **async_default**
Path Type: max

Fanout     Cap    Slew   Delay    Time   Description
-----------------------------------------------------------------------------
                          0.00    0.00   clock clk (rise edge)
                          0.00    0.00   clock network delay (propagated)
                          2.00    2.00 ^ input external delay
                  0.03    0.02    2.02 ^ rst_n (in)
     1    0.00                           rst_n (net)
                  0.03    0.00    2.02 ^ input27/A (sky130_fd_sc_hd__buf_4)
                  0.09    0.14    2.16 ^ input27/X (sky130_fd_sc_hd__buf_4)
     1    0.03                           net27 (net)
                  0.09    0.00    2.16 ^ repeater60/A (sky130_fd_sc_hd__buf_12)
                  0.46    0.43    2.59 ^ repeater60/X (sky130_fd_sc_hd__buf_12)
    68    0.42                           net60 (net)
                  0.46    0.01    2.60 ^ repeater58/A (sky130_fd_sc_hd__buf_12)
                  0.40    0.42    3.03 ^ repeater58/X (sky130_fd_sc_hd__buf_12)
    63    0.35                           net58 (net)
                  0.40    0.03    3.05 ^ repeater57/A (sky130_fd_sc_hd__buf_12)
                  0.42    0.43    3.48 ^ repeater57/X (sky130_fd_sc_hd__buf_12)
    65    0.37                           net57 (net)
                  0.42    0.05    3.53 ^ _13602_/RESET_B (sky130_fd_sc_hd__dfrtp_1)
                                  3.53   data arrival time

                         10.00   10.00   clock clk (rise edge)
                          0.00   10.00   clock source latency
                  0.27    0.18   10.18 ^ clk (in)
     1    0.06                           clk (net)
                  0.27    0.00   10.18 ^ clkbuf_0_clk/A (sky130_fd_sc_hd__clkbuf_16)
                  0.05    0.19   10.37 ^ clkbuf_0_clk/X (sky130_fd_sc_hd__clkbuf_16)
     2    0.02                           clknet_0_clk (net)
                  0.05    0.00   10.37 ^ clkbuf_1_1_0_clk/A (sky130_fd_sc_hd__clkbuf_2)
                  0.18    0.19   10.56 ^ clkbuf_1_1_0_clk/X (sky130_fd_sc_hd__clkbuf_2)
     2    0.03                           clknet_1_1_0_clk (net)
                  0.18    0.00   10.56 ^ clkbuf_2_3_0_clk/A (sky130_fd_sc_hd__clkbuf_2)
                  0.19    0.24   10.80 ^ clkbuf_2_3_0_clk/X (sky130_fd_sc_hd__clkbuf_2)
     2    0.03                           clknet_2_3_0_clk (net)
                  0.19    0.00   10.80 ^ clkbuf_3_7_0_clk/A (sky130_fd_sc_hd__clkbuf_2)
                  0.11    0.19   10.99 ^ clkbuf_3_7_0_clk/X (sky130_fd_sc_hd__clkbuf_2)
     2    0.02                           clknet_3_7_0_clk (net)
                  0.11    0.00   10.99 ^ clkbuf_4_14_0_clk/A (sky130_fd_sc_hd__clkbuf_2)
                  0.71    0.56   11.55 ^ clkbuf_4_14_0_clk/X (sky130_fd_sc_hd__clkbuf_2)
    11    0.13                           clknet_4_14_0_clk (net)
                  0.71    0.00   11.55 ^ clkbuf_leaf_104_clk/A (sky130_fd_sc_hd__clkbuf_16)
                  0.07    0.27   11.82 ^ clkbuf_leaf_104_clk/X (sky130_fd_sc_hd__clkbuf_16)
     9    0.03                           clknet_leaf_104_clk (net)
                  0.07    0.00   11.82 ^ _13602_/CLK (sky130_fd_sc_hd__dfrtp_1)
                         -0.25   11.57   clock uncertainty
                          0.00   11.57   clock reconvergence pessimism
                          0.14   11.71   library recovery time
                                 11.71   data required time
-----------------------------------------------------------------------------
                                 11.71   data required time
                                 -3.53   data arrival time
-----------------------------------------------------------------------------
                                  8.18   slack (MET)


Startpoint: _13170_ (rising edge-triggered flip-flop clocked by clk)
Endpoint: _13162_ (rising edge-triggered flip-flop clocked by clk)
Path Group: clk
Path Type: max

Fanout     Cap    Slew   Delay    Time   Description
-----------------------------------------------------------------------------
                          0.00    0.00   clock clk (rise edge)
                          0.00    0.00   clock source latency
                  0.27    0.20    0.20 ^ clk (in)
     1    0.06                           clk (net)
                  0.27    0.00    0.20 ^ clkbuf_0_clk/A (sky130_fd_sc_hd__clkbuf_16)
                  0.05    0.21    0.41 ^ clkbuf_0_clk/X (sky130_fd_sc_hd__clkbuf_16)
     2    0.02                           clknet_0_clk (net)
                  0.05    0.00    0.41 ^ clkbuf_1_0_0_clk/A (sky130_fd_sc_hd__clkbuf_2)
                  0.18    0.21    0.62 ^ clkbuf_1_0_0_clk/X (sky130_fd_sc_hd__clkbuf_2)
     2    0.03                           clknet_1_0_0_clk (net)
                  0.18    0.00    0.62 ^ clkbuf_2_1_0_clk/A (sky130_fd_sc_hd__clkbuf_2)
                  0.20    0.27    0.89 ^ clkbuf_2_1_0_clk/X (sky130_fd_sc_hd__clkbuf_2)
     2    0.04                           clknet_2_1_0_clk (net)
                  0.20    0.00    0.89 ^ clkbuf_3_3_0_clk/A (sky130_fd_sc_hd__clkbuf_2)
                  0.11    0.21    1.10 ^ clkbuf_3_3_0_clk/X (sky130_fd_sc_hd__clkbuf_2)
     2    0.02                           clknet_3_3_0_clk (net)
                  0.11    0.00    1.10 ^ clkbuf_4_7_0_clk/A (sky130_fd_sc_hd__clkbuf_2)
                  0.81    0.69    1.78 ^ clkbuf_4_7_0_clk/X (sky130_fd_sc_hd__clkbuf_2)
    12    0.15                           clknet_4_7_0_clk (net)
                  0.81    0.00    1.79 ^ clkbuf_leaf_58_clk/A (sky130_fd_sc_hd__clkbuf_16)
                  0.08    0.31    2.10 ^ clkbuf_leaf_58_clk/X (sky130_fd_sc_hd__clkbuf_16)
    13    0.04                           clknet_leaf_58_clk (net)
                  0.08    0.00    2.10 ^ _13170_/CLK (sky130_fd_sc_hd__dfxtp_1)
                  0.25    0.49    2.58 ^ _13170_/Q (sky130_fd_sc_hd__dfxtp_1)
     5    0.03                           sa_inst.sak.rows:1.cols:3.pe_ij.s3fdp_inst.significand_product_shifter_inst._0_[1] (net)
                  0.25    0.00    2.59 ^ _07226_/A (sky130_fd_sc_hd__clkbuf_2)
                  0.14    0.24    2.83 ^ _07226_/X (sky130_fd_sc_hd__clkbuf_2)
     5    0.02                           _01817_ (net)
                  0.14    0.00    2.83 ^ _07244_/S (sky130_fd_sc_hd__mux2_1)
                  0.07    0.37    3.20 v _07244_/X (sky130_fd_sc_hd__mux2_1)
     2    0.01                           _01834_ (net)
                  0.07    0.00    3.20 v _07248_/A2 (sky130_fd_sc_hd__mux4_2)
                  0.12    0.55    3.75 v _07248_/X (sky130_fd_sc_hd__mux4_2)
     2    0.02                           _01838_ (net)
                  0.12    0.00    3.75 v _07249_/D (sky130_fd_sc_hd__nand4_4)
                  0.12    0.16    3.91 ^ _07249_/Y (sky130_fd_sc_hd__nand4_4)
     4    0.02                           _01839_ (net)
                  0.12    0.00    3.91 ^ _07284_/A (sky130_fd_sc_hd__nor3b_1)
                  0.08    0.10    4.01 v _07284_/Y (sky130_fd_sc_hd__nor3b_1)
     2    0.01                           _01872_ (net)
                  0.08    0.00    4.01 v _07285_/A (sky130_fd_sc_hd__buf_2)
                  0.08    0.20    4.21 v _07285_/X (sky130_fd_sc_hd__buf_2)
     5    0.03                           _01873_ (net)
                  0.08    0.00    4.21 v _07286_/A (sky130_fd_sc_hd__clkbuf_2)
                  0.09    0.17    4.38 v _07286_/X (sky130_fd_sc_hd__clkbuf_2)
     5    0.02                           _01874_ (net)
                  0.09    0.00    4.38 v _07288_/A (sky130_fd_sc_hd__nor2_1)
                  0.24    0.25    4.63 ^ _07288_/Y (sky130_fd_sc_hd__nor2_1)
     4    0.01                           _01876_ (net)
                  0.24    0.00    4.63 ^ _07289_/B (sky130_fd_sc_hd__nor2_1)
                  0.08    0.11    4.74 v _07289_/Y (sky130_fd_sc_hd__nor2_1)
     3    0.01                           _01877_ (net)
                  0.08    0.00    4.74 v _07305_/A (sky130_fd_sc_hd__or3_1)
                  0.10    0.45    5.19 v _07305_/X (sky130_fd_sc_hd__or3_1)
     3    0.01                           _01892_ (net)
                  0.10    0.00    5.19 v _07338_/A2 (sky130_fd_sc_hd__a311o_1)
                  0.10    0.40    5.60 v _07338_/X (sky130_fd_sc_hd__a311o_1)
     4    0.01                           _01923_ (net)
                  0.10    0.00    5.60 v _07417_/A1 (sky130_fd_sc_hd__a2111o_1)
                  0.09    0.44    6.04 v _07417_/X (sky130_fd_sc_hd__a2111o_1)
     2    0.01                           _01996_ (net)
                  0.09    0.00    6.04 v _07424_/A3 (sky130_fd_sc_hd__a31o_1)
                  0.09    0.30    6.34 v _07424_/X (sky130_fd_sc_hd__a31o_1)
     3    0.02                           _02003_ (net)
                  0.09    0.00    6.34 v _07460_/A1 (sky130_fd_sc_hd__o41ai_4)
                  0.39    0.51    6.85 ^ _07460_/Y (sky130_fd_sc_hd__o41ai_4)
     4    0.02                           _02035_ (net)
                  0.39    0.00    6.85 ^ _07535_/A1 (sky130_fd_sc_hd__a211o_2)
                  0.12    0.28    7.13 ^ _07535_/X (sky130_fd_sc_hd__a211o_2)
     5    0.02                           _02102_ (net)
                  0.12    0.00    7.13 ^ _07563_/A1 (sky130_fd_sc_hd__a31oi_2)
                  0.09    0.13    7.26 v _07563_/Y (sky130_fd_sc_hd__a31oi_2)
     3    0.01                           _02126_ (net)
                  0.09    0.00    7.26 v _07578_/A (sky130_fd_sc_hd__or4bb_1)
                  0.13    0.61    7.86 v _07578_/X (sky130_fd_sc_hd__or4bb_1)
     3    0.01                           _02139_ (net)
                  0.13    0.00    7.86 v _07587_/A2 (sky130_fd_sc_hd__a21oi_1)
                  0.19    0.25    8.11 ^ _07587_/Y (sky130_fd_sc_hd__a21oi_1)
     2    0.01                           _02147_ (net)
                  0.19    0.00    8.11 ^ _07589_/A2 (sky130_fd_sc_hd__o211ai_1)
                  0.07    0.12    8.23 v _07589_/Y (sky130_fd_sc_hd__o211ai_1)
     1    0.00                           _02149_ (net)
                  0.07    0.00    8.23 v _07590_/A3 (sky130_fd_sc_hd__a31o_1)
                  0.04    0.23    8.46 v _07590_/X (sky130_fd_sc_hd__a31o_1)
     1    0.00                           sa_inst.sak.rows:1.cols:3.pe_ij.s3fdp_inst._24_[31] (net)
                  0.04    0.00    8.46 v _13162_/D (sky130_fd_sc_hd__dfrtp_1)
                                  8.46   data arrival time

                         10.00   10.00   clock clk (rise edge)
                          0.00   10.00   clock source latency
                  0.27    0.18   10.18 ^ clk (in)
     1    0.06                           clk (net)
                  0.27    0.00   10.18 ^ clkbuf_0_clk/A (sky130_fd_sc_hd__clkbuf_16)
                  0.05    0.19   10.37 ^ clkbuf_0_clk/X (sky130_fd_sc_hd__clkbuf_16)
     2    0.02                           clknet_0_clk (net)
                  0.05    0.00   10.37 ^ clkbuf_1_0_0_clk/A (sky130_fd_sc_hd__clkbuf_2)
                  0.18    0.19   10.56 ^ clkbuf_1_0_0_clk/X (sky130_fd_sc_hd__clkbuf_2)
     2    0.03                           clknet_1_0_0_clk (net)
                  0.18    0.00   10.56 ^ clkbuf_2_1_0_clk/A (sky130_fd_sc_hd__clkbuf_2)
                  0.20    0.24   10.81 ^ clkbuf_2_1_0_clk/X (sky130_fd_sc_hd__clkbuf_2)
     2    0.04                           clknet_2_1_0_clk (net)
                  0.20    0.00   10.81 ^ clkbuf_3_3_0_clk/A (sky130_fd_sc_hd__clkbuf_2)
                  0.11    0.19   10.99 ^ clkbuf_3_3_0_clk/X (sky130_fd_sc_hd__clkbuf_2)
     2    0.02                           clknet_3_3_0_clk (net)
                  0.11    0.00   10.99 ^ clkbuf_4_6_0_clk/A (sky130_fd_sc_hd__clkbuf_2)
                  0.89    0.67   11.67 ^ clkbuf_4_6_0_clk/X (sky130_fd_sc_hd__clkbuf_2)
    13    0.17                           clknet_4_6_0_clk (net)
                  0.89    0.00   11.67 ^ clkbuf_leaf_22_clk/A (sky130_fd_sc_hd__clkbuf_16)
                  0.06    0.27   11.94 ^ clkbuf_leaf_22_clk/X (sky130_fd_sc_hd__clkbuf_16)
     6    0.02                           clknet_leaf_22_clk (net)
                  0.06    0.00   11.94 ^ _13162_/CLK (sky130_fd_sc_hd__dfrtp_1)
                         -0.25   11.69   clock uncertainty
                          0.10   11.80   clock reconvergence pessimism
                         -0.11   11.69   library setup time
                                 11.69   data required time
-----------------------------------------------------------------------------
                                 11.69   data required time
                                 -8.46   data arrival time
-----------------------------------------------------------------------------
                                  3.23   slack (MET)


Startpoint: _13170_ (rising edge-triggered flip-flop clocked by clk)
Endpoint: _13554_ (rising edge-triggered flip-flop clocked by clk)
Path Group: clk
Path Type: max

Fanout     Cap    Slew   Delay    Time   Description
-----------------------------------------------------------------------------
                          0.00    0.00   clock clk (rise edge)
                          0.00    0.00   clock source latency
                  0.27    0.20    0.20 ^ clk (in)
     1    0.06                           clk (net)
                  0.27    0.00    0.20 ^ clkbuf_0_clk/A (sky130_fd_sc_hd__clkbuf_16)
                  0.05    0.21    0.41 ^ clkbuf_0_clk/X (sky130_fd_sc_hd__clkbuf_16)
     2    0.02                           clknet_0_clk (net)
                  0.05    0.00    0.41 ^ clkbuf_1_0_0_clk/A (sky130_fd_sc_hd__clkbuf_2)
                  0.18    0.21    0.62 ^ clkbuf_1_0_0_clk/X (sky130_fd_sc_hd__clkbuf_2)
     2    0.03                           clknet_1_0_0_clk (net)
                  0.18    0.00    0.62 ^ clkbuf_2_1_0_clk/A (sky130_fd_sc_hd__clkbuf_2)
                  0.20    0.27    0.89 ^ clkbuf_2_1_0_clk/X (sky130_fd_sc_hd__clkbuf_2)
     2    0.04                           clknet_2_1_0_clk (net)
                  0.20    0.00    0.89 ^ clkbuf_3_3_0_clk/A (sky130_fd_sc_hd__clkbuf_2)
                  0.11    0.21    1.10 ^ clkbuf_3_3_0_clk/X (sky130_fd_sc_hd__clkbuf_2)
     2    0.02                           clknet_3_3_0_clk (net)
                  0.11    0.00    1.10 ^ clkbuf_4_7_0_clk/A (sky130_fd_sc_hd__clkbuf_2)
                  0.81    0.69    1.78 ^ clkbuf_4_7_0_clk/X (sky130_fd_sc_hd__clkbuf_2)
    12    0.15                           clknet_4_7_0_clk (net)
                  0.81    0.00    1.79 ^ clkbuf_leaf_58_clk/A (sky130_fd_sc_hd__clkbuf_16)
                  0.08    0.31    2.10 ^ clkbuf_leaf_58_clk/X (sky130_fd_sc_hd__clkbuf_16)
    13    0.04                           clknet_leaf_58_clk (net)
                  0.08    0.00    2.10 ^ _13170_/CLK (sky130_fd_sc_hd__dfxtp_1)
                  0.25    0.49    2.58 ^ _13170_/Q (sky130_fd_sc_hd__dfxtp_1)
     5    0.03                           sa_inst.sak.rows:1.cols:3.pe_ij.s3fdp_inst.significand_product_shifter_inst._0_[1] (net)
                  0.25    0.00    2.59 ^ _07226_/A (sky130_fd_sc_hd__clkbuf_2)
                  0.14    0.24    2.83 ^ _07226_/X (sky130_fd_sc_hd__clkbuf_2)
     5    0.02                           _01817_ (net)
                  0.14    0.00    2.83 ^ _07244_/S (sky130_fd_sc_hd__mux2_1)
                  0.07    0.37    3.20 v _07244_/X (sky130_fd_sc_hd__mux2_1)
     2    0.01                           _01834_ (net)
                  0.07    0.00    3.20 v _07248_/A2 (sky130_fd_sc_hd__mux4_2)
                  0.12    0.55    3.75 v _07248_/X (sky130_fd_sc_hd__mux4_2)
     2    0.02                           _01838_ (net)
                  0.12    0.00    3.75 v _07249_/D (sky130_fd_sc_hd__nand4_4)
                  0.12    0.16    3.91 ^ _07249_/Y (sky130_fd_sc_hd__nand4_4)
     4    0.02                           _01839_ (net)
                  0.12    0.00    3.91 ^ _07284_/A (sky130_fd_sc_hd__nor3b_1)
                  0.08    0.10    4.01 v _07284_/Y (sky130_fd_sc_hd__nor3b_1)
     2    0.01                           _01872_ (net)
                  0.08    0.00    4.01 v _07285_/A (sky130_fd_sc_hd__buf_2)
                  0.08    0.20    4.21 v _07285_/X (sky130_fd_sc_hd__buf_2)
     5    0.03                           _01873_ (net)
                  0.08    0.00    4.21 v _07286_/A (sky130_fd_sc_hd__clkbuf_2)
                  0.09    0.17    4.38 v _07286_/X (sky130_fd_sc_hd__clkbuf_2)
     5    0.02                           _01874_ (net)
                  0.09    0.00    4.38 v _07288_/A (sky130_fd_sc_hd__nor2_1)
                  0.24    0.25    4.63 ^ _07288_/Y (sky130_fd_sc_hd__nor2_1)
     4    0.01                           _01876_ (net)
                  0.24    0.00    4.63 ^ _09098_/B (sky130_fd_sc_hd__nor2_1)
                  0.08    0.11    4.75 v _09098_/Y (sky130_fd_sc_hd__nor2_1)
     3    0.01                           _03434_ (net)
                  0.08    0.00    4.75 v _09109_/A (sky130_fd_sc_hd__or3_1)
                  0.11    0.46    5.21 v _09109_/X (sky130_fd_sc_hd__or3_1)
     4    0.01                           _03444_ (net)
                  0.11    0.00    5.21 v _09134_/A (sky130_fd_sc_hd__or4_1)
                  0.12    0.61    5.82 v _09134_/X (sky130_fd_sc_hd__or4_1)
     2    0.01                           _03465_ (net)
                  0.12    0.00    5.82 v _09162_/A3 (sky130_fd_sc_hd__a311o_1)
                  0.06    0.40    6.22 v _09162_/X (sky130_fd_sc_hd__a311o_1)
     1    0.00                           _03489_ (net)
                  0.06    0.00    6.22 v _09166_/A3 (sky130_fd_sc_hd__a31o_1)
                  0.09    0.29    6.51 v _09166_/X (sky130_fd_sc_hd__a31o_1)
     4    0.02                           _03493_ (net)
                  0.09    0.00    6.51 v _09193_/B2 (sky130_fd_sc_hd__o221a_2)
                  0.09    0.32    6.83 v _09193_/X (sky130_fd_sc_hd__o221a_2)
     4    0.02                           _03516_ (net)
                  0.09    0.00    6.83 v _09245_/A1 (sky130_fd_sc_hd__o21ai_4)
                  0.19    0.24    7.06 ^ _09245_/Y (sky130_fd_sc_hd__o21ai_4)
     5    0.02                           _03560_ (net)
                  0.19    0.00    7.06 ^ _09269_/A1 (sky130_fd_sc_hd__a31oi_2)
                  0.11    0.15    7.21 v _09269_/Y (sky130_fd_sc_hd__a31oi_2)
     3    0.01                           _03580_ (net)
                  0.11    0.00    7.21 v _09282_/A (sky130_fd_sc_hd__or4bb_1)
                  0.11    0.58    7.80 v _09282_/X (sky130_fd_sc_hd__or4bb_1)
     2    0.01                           _03591_ (net)
                  0.11    0.00    7.80 v _09286_/A2 (sky130_fd_sc_hd__a21o_1)
                  0.07    0.25    8.04 v _09286_/X (sky130_fd_sc_hd__a21o_1)
     3    0.01                           _03595_ (net)
                  0.07    0.00    8.04 v _09291_/A2 (sky130_fd_sc_hd__a31o_1)
                  0.04    0.22    8.26 v _09291_/X (sky130_fd_sc_hd__a31o_1)
     1    0.00                           _03599_ (net)
                  0.04    0.00    8.26 v _09292_/A2 (sky130_fd_sc_hd__o21bai_1)
                  0.11    0.12    8.38 ^ _09292_/Y (sky130_fd_sc_hd__o21bai_1)
     1    0.00                           sa_inst.sak.rows:3.cols:1.pe_ij.s3fdp_inst._24_[31] (net)
                  0.11    0.00    8.38 ^ _13554_/D (sky130_fd_sc_hd__dfrtp_2)
                                  8.38   data arrival time

                         10.00   10.00   clock clk (rise edge)
                          0.00   10.00   clock source latency
                  0.27    0.18   10.18 ^ clk (in)
     1    0.06                           clk (net)
                  0.27    0.00   10.18 ^ clkbuf_0_clk/A (sky130_fd_sc_hd__clkbuf_16)
                  0.05    0.19   10.37 ^ clkbuf_0_clk/X (sky130_fd_sc_hd__clkbuf_16)
     2    0.02                           clknet_0_clk (net)
                  0.05    0.00   10.37 ^ clkbuf_1_0_0_clk/A (sky130_fd_sc_hd__clkbuf_2)
                  0.18    0.19   10.56 ^ clkbuf_1_0_0_clk/X (sky130_fd_sc_hd__clkbuf_2)
     2    0.03                           clknet_1_0_0_clk (net)
                  0.18    0.00   10.56 ^ clkbuf_2_1_0_clk/A (sky130_fd_sc_hd__clkbuf_2)
                  0.20    0.24   10.81 ^ clkbuf_2_1_0_clk/X (sky130_fd_sc_hd__clkbuf_2)
     2    0.04                           clknet_2_1_0_clk (net)
                  0.20    0.00   10.81 ^ clkbuf_3_3_0_clk/A (sky130_fd_sc_hd__clkbuf_2)
                  0.11    0.19   10.99 ^ clkbuf_3_3_0_clk/X (sky130_fd_sc_hd__clkbuf_2)
     2    0.02                           clknet_3_3_0_clk (net)
                  0.11    0.00   10.99 ^ clkbuf_4_6_0_clk/A (sky130_fd_sc_hd__clkbuf_2)
                  0.89    0.67   11.67 ^ clkbuf_4_6_0_clk/X (sky130_fd_sc_hd__clkbuf_2)
    13    0.17                           clknet_4_6_0_clk (net)
                  0.89    0.00   11.67 ^ clkbuf_leaf_22_clk/A (sky130_fd_sc_hd__clkbuf_16)
                  0.06    0.27   11.94 ^ clkbuf_leaf_22_clk/X (sky130_fd_sc_hd__clkbuf_16)
     6    0.02                           clknet_leaf_22_clk (net)
                  0.06    0.00   11.94 ^ _13554_/CLK (sky130_fd_sc_hd__dfrtp_2)
                         -0.25   11.69   clock uncertainty
                          0.10   11.80   clock reconvergence pessimism
                         -0.08   11.72   library setup time
                                 11.72   data required time
-----------------------------------------------------------------------------
                                 11.72   data required time
                                 -8.38   data arrival time
-----------------------------------------------------------------------------
                                  3.34   slack (MET)


Startpoint: _13474_ (rising edge-triggered flip-flop clocked by clk)
Endpoint: _13466_ (rising edge-triggered flip-flop clocked by clk)
Path Group: clk
Path Type: max

Fanout     Cap    Slew   Delay    Time   Description
-----------------------------------------------------------------------------
                          0.00    0.00   clock clk (rise edge)
                          0.00    0.00   clock source latency
                  0.27    0.20    0.20 ^ clk (in)
     1    0.06                           clk (net)
                  0.27    0.00    0.20 ^ clkbuf_0_clk/A (sky130_fd_sc_hd__clkbuf_16)
                  0.05    0.21    0.41 ^ clkbuf_0_clk/X (sky130_fd_sc_hd__clkbuf_16)
     2    0.02                           clknet_0_clk (net)
                  0.05    0.00    0.41 ^ clkbuf_1_1_0_clk/A (sky130_fd_sc_hd__clkbuf_2)
                  0.18    0.21    0.62 ^ clkbuf_1_1_0_clk/X (sky130_fd_sc_hd__clkbuf_2)
     2    0.03                           clknet_1_1_0_clk (net)
                  0.18    0.00    0.62 ^ clkbuf_2_3_0_clk/A (sky130_fd_sc_hd__clkbuf_2)
                  0.19    0.26    0.88 ^ clkbuf_2_3_0_clk/X (sky130_fd_sc_hd__clkbuf_2)
     2    0.03                           clknet_2_3_0_clk (net)
                  0.19    0.00    0.89 ^ clkbuf_3_6_0_clk/A (sky130_fd_sc_hd__clkbuf_2)
                  0.11    0.21    1.09 ^ clkbuf_3_6_0_clk/X (sky130_fd_sc_hd__clkbuf_2)
     2    0.02                           clknet_3_6_0_clk (net)
                  0.11    0.00    1.10 ^ clkbuf_4_13_0_clk/A (sky130_fd_sc_hd__clkbuf_2)
                  0.80    0.68    1.78 ^ clkbuf_4_13_0_clk/X (sky130_fd_sc_hd__clkbuf_2)
    12    0.15                           clknet_4_13_0_clk (net)
                  0.80    0.00    1.78 ^ clkbuf_leaf_85_clk/A (sky130_fd_sc_hd__clkbuf_16)
                  0.06    0.29    2.07 ^ clkbuf_leaf_85_clk/X (sky130_fd_sc_hd__clkbuf_16)
     6    0.02                           clknet_leaf_85_clk (net)
                  0.06    0.00    2.07 ^ _13474_/CLK (sky130_fd_sc_hd__dfxtp_1)
                  0.18    0.43    2.50 ^ _13474_/Q (sky130_fd_sc_hd__dfxtp_1)
     4    0.02                           sa_inst.sak.rows:2.cols:3.pe_ij.s3fdp_inst.significand_product_shifter_inst._0_[1] (net)
                  0.18    0.00    2.50 ^ _08432_/A (sky130_fd_sc_hd__clkbuf_2)
                  0.14    0.22    2.73 ^ _08432_/X (sky130_fd_sc_hd__clkbuf_2)
     5    0.02                           _02848_ (net)
                  0.14    0.00    2.73 ^ _08433_/S0 (sky130_fd_sc_hd__mux4_1)
                  0.10    0.62    3.35 v _08433_/X (sky130_fd_sc_hd__mux4_1)
     2    0.01                           _02849_ (net)
                  0.10    0.00    3.35 v _08435_/B1 (sky130_fd_sc_hd__a32o_2)
                  0.09    0.31    3.66 v _08435_/X (sky130_fd_sc_hd__a32o_2)
     3    0.02                           _02851_ (net)
                  0.09    0.00    3.66 v _08450_/C (sky130_fd_sc_hd__nand4_2)
                  0.12    0.15    3.81 ^ _08450_/Y (sky130_fd_sc_hd__nand4_2)
     4    0.01                           _02865_ (net)
                  0.12    0.00    3.81 ^ _08451_/A (sky130_fd_sc_hd__dlymetal6s2s_1)
                  0.19    0.23    4.04 ^ _08451_/X (sky130_fd_sc_hd__dlymetal6s2s_1)
     5    0.02                           _02866_ (net)
                  0.19    0.00    4.04 ^ _08456_/A1 (sky130_fd_sc_hd__a21oi_1)
                  0.08    0.12    4.16 v _08456_/Y (sky130_fd_sc_hd__a21oi_1)
     2    0.01                           _02871_ (net)
                  0.08    0.00    4.16 v _08465_/A1 (sky130_fd_sc_hd__o21ba_1)
                  0.08    0.25    4.41 v _08465_/X (sky130_fd_sc_hd__o21ba_1)
     3    0.01                           _02879_ (net)
                  0.08    0.00    4.41 v _08511_/A1 (sky130_fd_sc_hd__o211a_1)
                  0.05    0.25    4.66 v _08511_/X (sky130_fd_sc_hd__o211a_1)
     2    0.01                           _02923_ (net)
                  0.05    0.00    4.66 v _08512_/C (sky130_fd_sc_hd__or3_1)
                  0.12    0.39    5.05 v _08512_/X (sky130_fd_sc_hd__or3_1)
     3    0.01                           _02924_ (net)
                  0.12    0.00    5.05 v _08539_/A2 (sky130_fd_sc_hd__a311o_1)
                  0.09    0.40    5.45 v _08539_/X (sky130_fd_sc_hd__a311o_1)
     4    0.01                           _02949_ (net)
                  0.09    0.00    5.45 v _08623_/A1 (sky130_fd_sc_hd__a2111o_1)
                  0.09    0.44    5.89 v _08623_/X (sky130_fd_sc_hd__a2111o_1)
     2    0.01                           _03027_ (net)
                  0.09    0.00    5.89 v _08629_/A3 (sky130_fd_sc_hd__a31o_1)
                  0.09    0.30    6.19 v _08629_/X (sky130_fd_sc_hd__a31o_1)
     3    0.01                           _03033_ (net)
                  0.09    0.00    6.19 v _08670_/A1 (sky130_fd_sc_hd__o41ai_4)
                  0.39    0.51    6.70 ^ _08670_/Y (sky130_fd_sc_hd__o41ai_4)
     4    0.02                           _03070_ (net)
                  0.39    0.00    6.70 ^ _08745_/A1 (sky130_fd_sc_hd__a21o_1)
                  0.19    0.30    6.99 ^ _08745_/X (sky130_fd_sc_hd__a21o_1)
     5    0.02                           _03137_ (net)
                  0.19    0.00    6.99 ^ _08772_/A1 (sky130_fd_sc_hd__a31oi_2)
                  0.10    0.15    7.14 v _08772_/Y (sky130_fd_sc_hd__a31oi_2)
     3    0.01                           _03160_ (net)
                  0.10    0.00    7.14 v _08786_/A (sky130_fd_sc_hd__or4bb_1)
                  0.11    0.58    7.72 v _08786_/X (sky130_fd_sc_hd__or4bb_1)
     2    0.01                           _03172_ (net)
                  0.11    0.00    7.72 v _08790_/A2 (sky130_fd_sc_hd__a21o_1)
                  0.06    0.24    7.96 v _08790_/X (sky130_fd_sc_hd__a21o_1)
     3    0.01                           _03176_ (net)
                  0.06    0.00    7.96 v _08795_/A2 (sky130_fd_sc_hd__a31o_1)
                  0.04    0.22    8.18 v _08795_/X (sky130_fd_sc_hd__a31o_1)
     1    0.00                           _03180_ (net)
                  0.04    0.00    8.18 v _08796_/A2 (sky130_fd_sc_hd__o21bai_1)
                  0.11    0.12    8.30 ^ _08796_/Y (sky130_fd_sc_hd__o21bai_1)
     1    0.00                           sa_inst.sak.rows:2.cols:3.pe_ij.s3fdp_inst._24_[31] (net)
                  0.11    0.00    8.30 ^ _13466_/D (sky130_fd_sc_hd__dfrtp_1)
                                  8.30   data arrival time

                         10.00   10.00   clock clk (rise edge)
                          0.00   10.00   clock source latency
                  0.27    0.18   10.18 ^ clk (in)
     1    0.06                           clk (net)
                  0.27    0.00   10.18 ^ clkbuf_0_clk/A (sky130_fd_sc_hd__clkbuf_16)
                  0.05    0.19   10.37 ^ clkbuf_0_clk/X (sky130_fd_sc_hd__clkbuf_16)
     2    0.02                           clknet_0_clk (net)
                  0.05    0.00   10.37 ^ clkbuf_1_1_0_clk/A (sky130_fd_sc_hd__clkbuf_2)
                  0.18    0.19   10.56 ^ clkbuf_1_1_0_clk/X (sky130_fd_sc_hd__clkbuf_2)
     2    0.03                           clknet_1_1_0_clk (net)
                  0.18    0.00   10.56 ^ clkbuf_2_2_0_clk/A (sky130_fd_sc_hd__clkbuf_2)
                  0.19    0.24   10.80 ^ clkbuf_2_2_0_clk/X (sky130_fd_sc_hd__clkbuf_2)
     2    0.04                           clknet_2_2_0_clk (net)
                  0.19    0.00   10.80 ^ clkbuf_3_4_0_clk/A (sky130_fd_sc_hd__clkbuf_2)
                  0.11    0.19   10.99 ^ clkbuf_3_4_0_clk/X (sky130_fd_sc_hd__clkbuf_2)
     2    0.02                           clknet_3_4_0_clk (net)
                  0.11    0.00   10.99 ^ clkbuf_4_9_0_clk/A (sky130_fd_sc_hd__clkbuf_2)
                  0.85    0.65   11.64 ^ clkbuf_4_9_0_clk/X (sky130_fd_sc_hd__clkbuf_2)
    13    0.16                           clknet_4_9_0_clk (net)
                  0.85    0.00   11.65 ^ clkbuf_leaf_116_clk/A (sky130_fd_sc_hd__clkbuf_16)
                  0.07    0.28   11.93 ^ clkbuf_leaf_116_clk/X (sky130_fd_sc_hd__clkbuf_16)
    10    0.03                           clknet_leaf_116_clk (net)
                  0.07    0.00   11.93 ^ _13466_/CLK (sky130_fd_sc_hd__dfrtp_1)
                         -0.25   11.68   clock uncertainty
                          0.06   11.74   clock reconvergence pessimism
                         -0.07   11.66   library setup time
                                 11.66   data required time
-----------------------------------------------------------------------------
                                 11.66   data required time
                                 -8.30   data arrival time
-----------------------------------------------------------------------------
                                  3.37   slack (MET)


Startpoint: _13037_ (rising edge-triggered flip-flop clocked by clk)
Endpoint: _13283_ (rising edge-triggered flip-flop clocked by clk)
Path Group: clk
Path Type: max

Fanout     Cap    Slew   Delay    Time   Description
-----------------------------------------------------------------------------
                          0.00    0.00   clock clk (rise edge)
                          0.00    0.00   clock source latency
                  0.27    0.20    0.20 ^ clk (in)
     1    0.06                           clk (net)
                  0.27    0.00    0.20 ^ clkbuf_0_clk/A (sky130_fd_sc_hd__clkbuf_16)
                  0.05    0.21    0.41 ^ clkbuf_0_clk/X (sky130_fd_sc_hd__clkbuf_16)
     2    0.02                           clknet_0_clk (net)
                  0.05    0.00    0.41 ^ clkbuf_1_0_0_clk/A (sky130_fd_sc_hd__clkbuf_2)
                  0.18    0.21    0.62 ^ clkbuf_1_0_0_clk/X (sky130_fd_sc_hd__clkbuf_2)
     2    0.03                           clknet_1_0_0_clk (net)
                  0.18    0.00    0.62 ^ clkbuf_2_1_0_clk/A (sky130_fd_sc_hd__clkbuf_2)
                  0.20    0.27    0.89 ^ clkbuf_2_1_0_clk/X (sky130_fd_sc_hd__clkbuf_2)
     2    0.04                           clknet_2_1_0_clk (net)
                  0.20    0.00    0.89 ^ clkbuf_3_2_0_clk/A (sky130_fd_sc_hd__clkbuf_2)
                  0.11    0.21    1.10 ^ clkbuf_3_2_0_clk/X (sky130_fd_sc_hd__clkbuf_2)
     2    0.02                           clknet_3_2_0_clk (net)
                  0.11    0.00    1.10 ^ clkbuf_4_5_0_clk/A (sky130_fd_sc_hd__clkbuf_2)
                  0.86    0.72    1.82 ^ clkbuf_4_5_0_clk/X (sky130_fd_sc_hd__clkbuf_2)
    12    0.16                           clknet_4_5_0_clk (net)
                  0.86    0.00    1.82 ^ clkbuf_leaf_50_clk/A (sky130_fd_sc_hd__clkbuf_16)
                  0.06    0.30    2.12 ^ clkbuf_leaf_50_clk/X (sky130_fd_sc_hd__clkbuf_16)
     6    0.02                           clknet_leaf_50_clk (net)
                  0.06    0.00    2.12 ^ _13037_/CLK (sky130_fd_sc_hd__dfxtp_1)
                  0.15    0.41    2.53 ^ _13037_/Q (sky130_fd_sc_hd__dfxtp_1)
     4    0.02                           sa_inst.sak.rows:1.cols:2.pe_ij.s3fdp_inst.significand_product_shifter_inst._0_[1] (net)
                  0.15    0.00    2.53 ^ _06647_/A (sky130_fd_sc_hd__clkbuf_2)
                  0.13    0.22    2.74 ^ _06647_/X (sky130_fd_sc_hd__clkbuf_2)
     5    0.02                           _01282_ (net)
                  0.13    0.00    2.74 ^ _06667_/S (sky130_fd_sc_hd__mux2_1)
                  0.09    0.40    3.15 v _06667_/X (sky130_fd_sc_hd__mux2_1)
     3    0.01                           _01301_ (net)
                  0.09    0.00    3.15 v _06735_/A1 (sky130_fd_sc_hd__mux4_1)
                  0.09    0.55    3.70 v _06735_/X (sky130_fd_sc_hd__mux4_1)
     1    0.00                           _01365_ (net)
                  0.09    0.00    3.70 v _06736_/B (sky130_fd_sc_hd__and2_2)
                  0.08    0.27    3.97 v _06736_/X (sky130_fd_sc_hd__and2_2)
     3    0.02                           _01366_ (net)
                  0.08    0.00    3.97 v _06753_/B (sky130_fd_sc_hd__and3_1)
                  0.09    0.24    4.21 v _06753_/X (sky130_fd_sc_hd__and3_1)
     5    0.02                           _01382_ (net)
                  0.09    0.00    4.21 v _06786_/B (sky130_fd_sc_hd__nand3_1)
                  0.15    0.17    4.37 ^ _06786_/Y (sky130_fd_sc_hd__nand3_1)
     3    0.01                           _01413_ (net)
                  0.15    0.00    4.37 ^ _06787_/A (sky130_fd_sc_hd__buf_2)
                  0.15    0.23    4.60 ^ _06787_/X (sky130_fd_sc_hd__buf_2)
     5    0.03                           _01414_ (net)
                  0.15    0.00    4.60 ^ _06795_/A (sky130_fd_sc_hd__dlymetal6s2s_1)
                  0.20    0.25    4.85 ^ _06795_/X (sky130_fd_sc_hd__dlymetal6s2s_1)
     5    0.02                           _01422_ (net)
                  0.20    0.00    4.85 ^ _07864_/A1 (sky130_fd_sc_hd__a21oi_1)
                  0.09    0.13    4.98 v _07864_/Y (sky130_fd_sc_hd__a21oi_1)
     3    0.01                           _02402_ (net)
                  0.09    0.00    4.98 v _07885_/D (sky130_fd_sc_hd__or4_1)
                  0.09    0.43    5.41 v _07885_/X (sky130_fd_sc_hd__or4_1)
     1    0.00                           _02420_ (net)
                  0.09    0.00    5.41 v _07886_/B (sky130_fd_sc_hd__nor4_1)
                  0.37    0.40    5.81 ^ _07886_/Y (sky130_fd_sc_hd__nor4_1)
     1    0.01                           _02421_ (net)
                  0.37    0.00    5.81 ^ _07887_/B1 (sky130_fd_sc_hd__o41ai_2)
                  0.11    0.17    5.98 v _07887_/Y (sky130_fd_sc_hd__o41ai_2)
     1    0.01                           _02422_ (net)
                  0.11    0.00    5.98 v _07891_/A3 (sky130_fd_sc_hd__a31o_1)
                  0.08    0.30    6.27 v _07891_/X (sky130_fd_sc_hd__a31o_1)
     3    0.01                           _02426_ (net)
                  0.08    0.00    6.27 v _07920_/B2 (sky130_fd_sc_hd__o221a_2)
                  0.10    0.32    6.59 v _07920_/X (sky130_fd_sc_hd__o221a_2)
     5    0.02                           _02451_ (net)
                  0.10    0.00    6.59 v _07976_/A1 (sky130_fd_sc_hd__o21ai_4)
                  0.22    0.26    6.85 ^ _07976_/Y (sky130_fd_sc_hd__o21ai_4)
     5    0.02                           _02499_ (net)
                  0.22    0.00    6.85 ^ _08000_/A1 (sky130_fd_sc_hd__a31oi_2)
                  0.11    0.16    7.01 v _08000_/Y (sky130_fd_sc_hd__a31oi_2)
     3    0.01                           _02519_ (net)
                  0.11    0.00    7.01 v _08013_/A (sky130_fd_sc_hd__or4bb_1)
                  0.11    0.58    7.59 v _08013_/X (sky130_fd_sc_hd__or4bb_1)
     2    0.01                           _02530_ (net)
                  0.11    0.00    7.59 v _08017_/A2 (sky130_fd_sc_hd__a21o_1)
                  0.06    0.24    7.83 v _08017_/X (sky130_fd_sc_hd__a21o_1)
     3    0.01                           _02534_ (net)
                  0.06    0.00    7.83 v _08022_/A2 (sky130_fd_sc_hd__a31o_1)
                  0.04    0.22    8.05 v _08022_/X (sky130_fd_sc_hd__a31o_1)
     1    0.00                           _02538_ (net)
                  0.04    0.00    8.05 v _08023_/A2 (sky130_fd_sc_hd__o21bai_1)
                  0.11    0.12    8.18 ^ _08023_/Y (sky130_fd_sc_hd__o21bai_1)
     1    0.00                           sa_inst.sak.rows:2.cols:1.pe_ij.s3fdp_inst._24_[31] (net)
                  0.11    0.00    8.18 ^ _13283_/D (sky130_fd_sc_hd__dfrtp_1)
                                  8.18   data arrival time

                         10.00   10.00   clock clk (rise edge)
                          0.00   10.00   clock source latency
                  0.27    0.18   10.18 ^ clk (in)
     1    0.06                           clk (net)
                  0.27    0.00   10.18 ^ clkbuf_0_clk/A (sky130_fd_sc_hd__clkbuf_16)
                  0.05    0.19   10.37 ^ clkbuf_0_clk/X (sky130_fd_sc_hd__clkbuf_16)
     2    0.02                           clknet_0_clk (net)
                  0.05    0.00   10.37 ^ clkbuf_1_0_0_clk/A (sky130_fd_sc_hd__clkbuf_2)
                  0.18    0.19   10.56 ^ clkbuf_1_0_0_clk/X (sky130_fd_sc_hd__clkbuf_2)
     2    0.03                           clknet_1_0_0_clk (net)
                  0.18    0.00   10.56 ^ clkbuf_2_0_0_clk/A (sky130_fd_sc_hd__clkbuf_2)
                  0.19    0.24   10.80 ^ clkbuf_2_0_0_clk/X (sky130_fd_sc_hd__clkbuf_2)
     2    0.03                           clknet_2_0_0_clk (net)
                  0.19    0.00   10.80 ^ clkbuf_3_0_0_clk/A (sky130_fd_sc_hd__clkbuf_2)
                  0.11    0.19   10.99 ^ clkbuf_3_0_0_clk/X (sky130_fd_sc_hd__clkbuf_2)
     2    0.02                           clknet_3_0_0_clk (net)
                  0.11    0.00   10.99 ^ clkbuf_4_1_0_clk/A (sky130_fd_sc_hd__clkbuf_2)
                  0.76    0.59   11.58 ^ clkbuf_4_1_0_clk/X (sky130_fd_sc_hd__clkbuf_2)
    11    0.14                           clknet_4_1_0_clk (net)
                  0.76    0.00   11.58 ^ clkbuf_leaf_10_clk/A (sky130_fd_sc_hd__clkbuf_16)
                  0.06    0.26   11.85 ^ clkbuf_leaf_10_clk/X (sky130_fd_sc_hd__clkbuf_16)
     5    0.02                           clknet_leaf_10_clk (net)
                  0.06    0.00   11.85 ^ _13283_/CLK (sky130_fd_sc_hd__dfrtp_1)
                         -0.25   11.60   clock uncertainty
                          0.06   11.66   clock reconvergence pessimism
                         -0.07   11.58   library setup time
                                 11.58   data required time
-----------------------------------------------------------------------------
                                 11.58   data required time
                                 -8.18   data arrival time
-----------------------------------------------------------------------------
                                  3.41   slack (MET)


Startpoint: _13170_ (rising edge-triggered flip-flop clocked by clk)
Endpoint: _13161_ (rising edge-triggered flip-flop clocked by clk)
Path Group: clk
Path Type: max

Fanout     Cap    Slew   Delay    Time   Description
-----------------------------------------------------------------------------
                          0.00    0.00   clock clk (rise edge)
                          0.00    0.00   clock source latency
                  0.27    0.20    0.20 ^ clk (in)
     1    0.06                           clk (net)
                  0.27    0.00    0.20 ^ clkbuf_0_clk/A (sky130_fd_sc_hd__clkbuf_16)
                  0.05    0.21    0.41 ^ clkbuf_0_clk/X (sky130_fd_sc_hd__clkbuf_16)
     2    0.02                           clknet_0_clk (net)
                  0.05    0.00    0.41 ^ clkbuf_1_0_0_clk/A (sky130_fd_sc_hd__clkbuf_2)
                  0.18    0.21    0.62 ^ clkbuf_1_0_0_clk/X (sky130_fd_sc_hd__clkbuf_2)
     2    0.03                           clknet_1_0_0_clk (net)
                  0.18    0.00    0.62 ^ clkbuf_2_1_0_clk/A (sky130_fd_sc_hd__clkbuf_2)
                  0.20    0.27    0.89 ^ clkbuf_2_1_0_clk/X (sky130_fd_sc_hd__clkbuf_2)
     2    0.04                           clknet_2_1_0_clk (net)
                  0.20    0.00    0.89 ^ clkbuf_3_3_0_clk/A (sky130_fd_sc_hd__clkbuf_2)
                  0.11    0.21    1.10 ^ clkbuf_3_3_0_clk/X (sky130_fd_sc_hd__clkbuf_2)
     2    0.02                           clknet_3_3_0_clk (net)
                  0.11    0.00    1.10 ^ clkbuf_4_7_0_clk/A (sky130_fd_sc_hd__clkbuf_2)
                  0.81    0.69    1.78 ^ clkbuf_4_7_0_clk/X (sky130_fd_sc_hd__clkbuf_2)
    12    0.15                           clknet_4_7_0_clk (net)
                  0.81    0.00    1.79 ^ clkbuf_leaf_58_clk/A (sky130_fd_sc_hd__clkbuf_16)
                  0.08    0.31    2.10 ^ clkbuf_leaf_58_clk/X (sky130_fd_sc_hd__clkbuf_16)
    13    0.04                           clknet_leaf_58_clk (net)
                  0.08    0.00    2.10 ^ _13170_/CLK (sky130_fd_sc_hd__dfxtp_1)
                  0.25    0.49    2.58 ^ _13170_/Q (sky130_fd_sc_hd__dfxtp_1)
     5    0.03                           sa_inst.sak.rows:1.cols:3.pe_ij.s3fdp_inst.significand_product_shifter_inst._0_[1] (net)
                  0.25    0.00    2.59 ^ _07226_/A (sky130_fd_sc_hd__clkbuf_2)
                  0.14    0.24    2.83 ^ _07226_/X (sky130_fd_sc_hd__clkbuf_2)
     5    0.02                           _01817_ (net)
                  0.14    0.00    2.83 ^ _07244_/S (sky130_fd_sc_hd__mux2_1)
                  0.07    0.37    3.20 v _07244_/X (sky130_fd_sc_hd__mux2_1)
     2    0.01                           _01834_ (net)
                  0.07    0.00    3.20 v _07248_/A2 (sky130_fd_sc_hd__mux4_2)
                  0.12    0.55    3.75 v _07248_/X (sky130_fd_sc_hd__mux4_2)
     2    0.02                           _01838_ (net)
                  0.12    0.00    3.75 v _07249_/D (sky130_fd_sc_hd__nand4_4)
                  0.12    0.16    3.91 ^ _07249_/Y (sky130_fd_sc_hd__nand4_4)
     4    0.02                           _01839_ (net)
                  0.12    0.00    3.91 ^ _07284_/A (sky130_fd_sc_hd__nor3b_1)
                  0.08    0.10    4.01 v _07284_/Y (sky130_fd_sc_hd__nor3b_1)
     2    0.01                           _01872_ (net)
                  0.08    0.00    4.01 v _07285_/A (sky130_fd_sc_hd__buf_2)
                  0.08    0.20    4.21 v _07285_/X (sky130_fd_sc_hd__buf_2)
     5    0.03                           _01873_ (net)
                  0.08    0.00    4.21 v _07286_/A (sky130_fd_sc_hd__clkbuf_2)
                  0.09    0.17    4.38 v _07286_/X (sky130_fd_sc_hd__clkbuf_2)
     5    0.02                           _01874_ (net)
                  0.09    0.00    4.38 v _07288_/A (sky130_fd_sc_hd__nor2_1)
                  0.24    0.25    4.63 ^ _07288_/Y (sky130_fd_sc_hd__nor2_1)
     4    0.01                           _01876_ (net)
                  0.24    0.00    4.63 ^ _07289_/B (sky130_fd_sc_hd__nor2_1)
                  0.08    0.11    4.74 v _07289_/Y (sky130_fd_sc_hd__nor2_1)
     3    0.01                           _01877_ (net)
                  0.08    0.00    4.74 v _07305_/A (sky130_fd_sc_hd__or3_1)
                  0.10    0.45    5.19 v _07305_/X (sky130_fd_sc_hd__or3_1)
     3    0.01                           _01892_ (net)
                  0.10    0.00    5.19 v _07338_/A2 (sky130_fd_sc_hd__a311o_1)
                  0.10    0.40    5.60 v _07338_/X (sky130_fd_sc_hd__a311o_1)
     4    0.01                           _01923_ (net)
                  0.10    0.00    5.60 v _07417_/A1 (sky130_fd_sc_hd__a2111o_1)
                  0.09    0.44    6.04 v _07417_/X (sky130_fd_sc_hd__a2111o_1)
     2    0.01                           _01996_ (net)
                  0.09    0.00    6.04 v _07424_/A3 (sky130_fd_sc_hd__a31o_1)
                  0.09    0.30    6.34 v _07424_/X (sky130_fd_sc_hd__a31o_1)
     3    0.02                           _02003_ (net)
                  0.09    0.00    6.34 v _07460_/A1 (sky130_fd_sc_hd__o41ai_4)
                  0.39    0.51    6.85 ^ _07460_/Y (sky130_fd_sc_hd__o41ai_4)
     4    0.02                           _02035_ (net)
                  0.39    0.00    6.85 ^ _07535_/A1 (sky130_fd_sc_hd__a211o_2)
                  0.12    0.28    7.13 ^ _07535_/X (sky130_fd_sc_hd__a211o_2)
     5    0.02                           _02102_ (net)
                  0.12    0.00    7.13 ^ _07563_/A1 (sky130_fd_sc_hd__a31oi_2)
                  0.09    0.13    7.26 v _07563_/Y (sky130_fd_sc_hd__a31oi_2)
     3    0.01                           _02126_ (net)
                  0.09    0.00    7.26 v _07578_/A (sky130_fd_sc_hd__or4bb_1)
                  0.13    0.61    7.86 v _07578_/X (sky130_fd_sc_hd__or4bb_1)
     3    0.01                           _02139_ (net)
                  0.13    0.00    7.86 v _07582_/A2 (sky130_fd_sc_hd__a21o_1)
                  0.03    0.22    8.08 v _07582_/X (sky130_fd_sc_hd__a21o_1)
     1    0.00                           _02143_ (net)
                  0.03    0.00    8.08 v _07584_/A2 (sky130_fd_sc_hd__a31o_1)
                  0.04    0.20    8.28 v _07584_/X (sky130_fd_sc_hd__a31o_1)
     1    0.00                           sa_inst.sak.rows:1.cols:3.pe_ij.s3fdp_inst._24_[30] (net)
                  0.04    0.00    8.28 v _13161_/D (sky130_fd_sc_hd__dfrtp_1)
                                  8.28   data arrival time

                         10.00   10.00   clock clk (rise edge)
                          0.00   10.00   clock source latency
                  0.27    0.18   10.18 ^ clk (in)
     1    0.06                           clk (net)
                  0.27    0.00   10.18 ^ clkbuf_0_clk/A (sky130_fd_sc_hd__clkbuf_16)
                  0.05    0.19   10.37 ^ clkbuf_0_clk/X (sky130_fd_sc_hd__clkbuf_16)
     2    0.02                           clknet_0_clk (net)
                  0.05    0.00   10.37 ^ clkbuf_1_0_0_clk/A (sky130_fd_sc_hd__clkbuf_2)
                  0.18    0.19   10.56 ^ clkbuf_1_0_0_clk/X (sky130_fd_sc_hd__clkbuf_2)
     2    0.03                           clknet_1_0_0_clk (net)
                  0.18    0.00   10.56 ^ clkbuf_2_1_0_clk/A (sky130_fd_sc_hd__clkbuf_2)
                  0.20    0.24   10.81 ^ clkbuf_2_1_0_clk/X (sky130_fd_sc_hd__clkbuf_2)
     2    0.04                           clknet_2_1_0_clk (net)
                  0.20    0.00   10.81 ^ clkbuf_3_3_0_clk/A (sky130_fd_sc_hd__clkbuf_2)
                  0.11    0.19   10.99 ^ clkbuf_3_3_0_clk/X (sky130_fd_sc_hd__clkbuf_2)
     2    0.02                           clknet_3_3_0_clk (net)
                  0.11    0.00   10.99 ^ clkbuf_4_6_0_clk/A (sky130_fd_sc_hd__clkbuf_2)
                  0.89    0.67   11.67 ^ clkbuf_4_6_0_clk/X (sky130_fd_sc_hd__clkbuf_2)
    13    0.17                           clknet_4_6_0_clk (net)
                  0.89    0.00   11.67 ^ clkbuf_leaf_22_clk/A (sky130_fd_sc_hd__clkbuf_16)
                  0.06    0.27   11.94 ^ clkbuf_leaf_22_clk/X (sky130_fd_sc_hd__clkbuf_16)
     6    0.02                           clknet_leaf_22_clk (net)
                  0.06    0.00   11.94 ^ _13161_/CLK (sky130_fd_sc_hd__dfrtp_1)
                         -0.25   11.69   clock uncertainty
                          0.10   11.80   clock reconvergence pessimism
                         -0.11   11.69   library setup time
                                 11.69   data required time
-----------------------------------------------------------------------------
                                 11.69   data required time
                                 -8.28   data arrival time
-----------------------------------------------------------------------------
                                  3.41   slack (MET)


