
===========================================================================
report_checks -path_delay max (Setup)
============================================================================
Startpoint: rst_n (input port clocked by clk)
Endpoint: _13602_ (recovery check against rising-edge clock clk)
Path Group: **async_default**
Path Type: max

Fanout     Cap    Slew   Delay    Time   Description
-----------------------------------------------------------------------------
                          0.00    0.00   clock clk (rise edge)
                          0.00    0.00   clock network delay (propagated)
                          2.00    2.00 ^ input external delay
                  0.02    0.01    2.01 ^ rst_n (in)
     1    0.00                           rst_n (net)
                  0.02    0.00    2.01 ^ hold3/A (sky130_fd_sc_hd__clkdlybuf4s25_1)
                  0.05    0.25    2.26 ^ hold3/X (sky130_fd_sc_hd__clkdlybuf4s25_1)
     1    0.00                           net77 (net)
                  0.05    0.00    2.26 ^ input27/A (sky130_fd_sc_hd__buf_4)
                  0.02    0.10    2.36 ^ input27/X (sky130_fd_sc_hd__buf_4)
     1    0.00                           net27 (net)
                  0.02    0.00    2.36 ^ hold2/A (sky130_fd_sc_hd__buf_2)
                  0.14    0.18    2.54 ^ hold2/X (sky130_fd_sc_hd__buf_2)
     1    0.03                           net76 (net)
                  0.14    0.00    2.54 ^ repeater60/A (sky130_fd_sc_hd__buf_12)
                  0.07    0.16    2.70 ^ repeater60/X (sky130_fd_sc_hd__buf_12)
     2    0.06                           net60 (net)
                  0.07    0.00    2.70 ^ hold1/A (sky130_fd_sc_hd__buf_12)
                  0.45    0.40    3.10 ^ hold1/X (sky130_fd_sc_hd__buf_12)
    67    0.40                           net75 (net)
                  0.45    0.03    3.12 ^ repeater58/A (sky130_fd_sc_hd__buf_12)
                  0.40    0.37    3.50 ^ repeater58/X (sky130_fd_sc_hd__buf_12)
    63    0.36                           net58 (net)
                  0.40    0.05    3.55 ^ repeater57/A (sky130_fd_sc_hd__buf_12)
                  0.43    0.39    3.93 ^ repeater57/X (sky130_fd_sc_hd__buf_12)
    65    0.39                           net57 (net)
                  0.50    0.14    4.08 ^ _13602_/RESET_B (sky130_fd_sc_hd__dfrtp_1)
                                  4.08   data arrival time

                         10.00   10.00   clock clk (rise edge)
                          0.00   10.00   clock source latency
                  0.27    0.18   10.18 ^ clk (in)
     1    0.06                           clk (net)
                  0.27    0.00   10.18 ^ clkbuf_0_clk/A (sky130_fd_sc_hd__clkbuf_16)
                  0.05    0.19   10.37 ^ clkbuf_0_clk/X (sky130_fd_sc_hd__clkbuf_16)
     2    0.02                           clknet_0_clk (net)
                  0.05    0.00   10.37 ^ clkbuf_1_1_0_clk/A (sky130_fd_sc_hd__clkbuf_2)
                  0.22    0.21   10.58 ^ clkbuf_1_1_0_clk/X (sky130_fd_sc_hd__clkbuf_2)
     2    0.04                           clknet_1_1_0_clk (net)
                  0.22    0.00   10.59 ^ clkbuf_2_3_0_clk/A (sky130_fd_sc_hd__clkbuf_2)
                  0.20    0.25   10.84 ^ clkbuf_2_3_0_clk/X (sky130_fd_sc_hd__clkbuf_2)
     2    0.04                           clknet_2_3_0_clk (net)
                  0.20    0.00   10.84 ^ clkbuf_3_7_0_clk/A (sky130_fd_sc_hd__clkbuf_2)
                  0.10    0.18   11.02 ^ clkbuf_3_7_0_clk/X (sky130_fd_sc_hd__clkbuf_2)
     2    0.02                           clknet_3_7_0_clk (net)
                  0.10    0.00   11.02 ^ clkbuf_4_14_0_clk/A (sky130_fd_sc_hd__clkbuf_2)
                  0.69    0.54   11.56 ^ clkbuf_4_14_0_clk/X (sky130_fd_sc_hd__clkbuf_2)
    11    0.13                           clknet_4_14_0_clk (net)
                  0.69    0.00   11.56 ^ clkbuf_leaf_104_clk/A (sky130_fd_sc_hd__clkbuf_16)
                  0.06    0.26   11.83 ^ clkbuf_leaf_104_clk/X (sky130_fd_sc_hd__clkbuf_16)
     9    0.03                           clknet_leaf_104_clk (net)
                  0.06    0.00   11.83 ^ _13602_/CLK (sky130_fd_sc_hd__dfrtp_1)
                         -0.25   11.58   clock uncertainty
                          0.00   11.58   clock reconvergence pessimism
                          0.12   11.70   library recovery time
                                 11.70   data required time
-----------------------------------------------------------------------------
                                 11.70   data required time
                                 -4.08   data arrival time
-----------------------------------------------------------------------------
                                  7.62   slack (MET)


Startpoint: rst_n (input port clocked by clk)
Endpoint: _13450_ (recovery check against rising-edge clock clk)
Path Group: **async_default**
Path Type: max

Fanout     Cap    Slew   Delay    Time   Description
-----------------------------------------------------------------------------
                          0.00    0.00   clock clk (rise edge)
                          0.00    0.00   clock network delay (propagated)
                          2.00    2.00 ^ input external delay
                  0.02    0.01    2.01 ^ rst_n (in)
     1    0.00                           rst_n (net)
                  0.02    0.00    2.01 ^ hold3/A (sky130_fd_sc_hd__clkdlybuf4s25_1)
                  0.05    0.25    2.26 ^ hold3/X (sky130_fd_sc_hd__clkdlybuf4s25_1)
     1    0.00                           net77 (net)
                  0.05    0.00    2.26 ^ input27/A (sky130_fd_sc_hd__buf_4)
                  0.02    0.10    2.36 ^ input27/X (sky130_fd_sc_hd__buf_4)
     1    0.00                           net27 (net)
                  0.02    0.00    2.36 ^ hold2/A (sky130_fd_sc_hd__buf_2)
                  0.14    0.18    2.54 ^ hold2/X (sky130_fd_sc_hd__buf_2)
     1    0.03                           net76 (net)
                  0.14    0.00    2.54 ^ repeater60/A (sky130_fd_sc_hd__buf_12)
                  0.07    0.16    2.70 ^ repeater60/X (sky130_fd_sc_hd__buf_12)
     2    0.06                           net60 (net)
                  0.07    0.00    2.70 ^ hold1/A (sky130_fd_sc_hd__buf_12)
                  0.45    0.40    3.10 ^ hold1/X (sky130_fd_sc_hd__buf_12)
    67    0.40                           net75 (net)
                  0.45    0.03    3.12 ^ repeater58/A (sky130_fd_sc_hd__buf_12)
                  0.40    0.37    3.50 ^ repeater58/X (sky130_fd_sc_hd__buf_12)
    63    0.36                           net58 (net)
                  0.40    0.05    3.55 ^ repeater57/A (sky130_fd_sc_hd__buf_12)
                  0.43    0.39    3.93 ^ repeater57/X (sky130_fd_sc_hd__buf_12)
    65    0.39                           net57 (net)
                  0.50    0.14    4.08 ^ _13450_/RESET_B (sky130_fd_sc_hd__dfrtp_1)
                                  4.08   data arrival time

                         10.00   10.00   clock clk (rise edge)
                          0.00   10.00   clock source latency
                  0.27    0.18   10.18 ^ clk (in)
     1    0.06                           clk (net)
                  0.27    0.00   10.18 ^ clkbuf_0_clk/A (sky130_fd_sc_hd__clkbuf_16)
                  0.05    0.19   10.37 ^ clkbuf_0_clk/X (sky130_fd_sc_hd__clkbuf_16)
     2    0.02                           clknet_0_clk (net)
                  0.05    0.00   10.37 ^ clkbuf_1_1_0_clk/A (sky130_fd_sc_hd__clkbuf_2)
                  0.22    0.21   10.58 ^ clkbuf_1_1_0_clk/X (sky130_fd_sc_hd__clkbuf_2)
     2    0.04                           clknet_1_1_0_clk (net)
                  0.22    0.00   10.59 ^ clkbuf_2_3_0_clk/A (sky130_fd_sc_hd__clkbuf_2)
                  0.20    0.25   10.84 ^ clkbuf_2_3_0_clk/X (sky130_fd_sc_hd__clkbuf_2)
     2    0.04                           clknet_2_3_0_clk (net)
                  0.20    0.00   10.84 ^ clkbuf_3_7_0_clk/A (sky130_fd_sc_hd__clkbuf_2)
                  0.10    0.18   11.02 ^ clkbuf_3_7_0_clk/X (sky130_fd_sc_hd__clkbuf_2)
     2    0.02                           clknet_3_7_0_clk (net)
                  0.10    0.00   11.02 ^ clkbuf_4_14_0_clk/A (sky130_fd_sc_hd__clkbuf_2)
                  0.69    0.54   11.56 ^ clkbuf_4_14_0_clk/X (sky130_fd_sc_hd__clkbuf_2)
    11    0.13                           clknet_4_14_0_clk (net)
                  0.69    0.00   11.56 ^ clkbuf_leaf_104_clk/A (sky130_fd_sc_hd__clkbuf_16)
                  0.06    0.26   11.83 ^ clkbuf_leaf_104_clk/X (sky130_fd_sc_hd__clkbuf_16)
     9    0.03                           clknet_leaf_104_clk (net)
                  0.06    0.00   11.83 ^ _13450_/CLK (sky130_fd_sc_hd__dfrtp_1)
                         -0.25   11.58   clock uncertainty
                          0.00   11.58   clock reconvergence pessimism
                          0.12   11.70   library recovery time
                                 11.70   data required time
-----------------------------------------------------------------------------
                                 11.70   data required time
                                 -4.08   data arrival time
-----------------------------------------------------------------------------
                                  7.62   slack (MET)


Startpoint: rst_n (input port clocked by clk)
Endpoint: _13452_ (recovery check against rising-edge clock clk)
Path Group: **async_default**
Path Type: max

Fanout     Cap    Slew   Delay    Time   Description
-----------------------------------------------------------------------------
                          0.00    0.00   clock clk (rise edge)
                          0.00    0.00   clock network delay (propagated)
                          2.00    2.00 ^ input external delay
                  0.02    0.01    2.01 ^ rst_n (in)
     1    0.00                           rst_n (net)
                  0.02    0.00    2.01 ^ hold3/A (sky130_fd_sc_hd__clkdlybuf4s25_1)
                  0.05    0.25    2.26 ^ hold3/X (sky130_fd_sc_hd__clkdlybuf4s25_1)
     1    0.00                           net77 (net)
                  0.05    0.00    2.26 ^ input27/A (sky130_fd_sc_hd__buf_4)
                  0.02    0.10    2.36 ^ input27/X (sky130_fd_sc_hd__buf_4)
     1    0.00                           net27 (net)
                  0.02    0.00    2.36 ^ hold2/A (sky130_fd_sc_hd__buf_2)
                  0.14    0.18    2.54 ^ hold2/X (sky130_fd_sc_hd__buf_2)
     1    0.03                           net76 (net)
                  0.14    0.00    2.54 ^ repeater60/A (sky130_fd_sc_hd__buf_12)
                  0.07    0.16    2.70 ^ repeater60/X (sky130_fd_sc_hd__buf_12)
     2    0.06                           net60 (net)
                  0.07    0.00    2.70 ^ hold1/A (sky130_fd_sc_hd__buf_12)
                  0.45    0.40    3.10 ^ hold1/X (sky130_fd_sc_hd__buf_12)
    67    0.40                           net75 (net)
                  0.45    0.03    3.12 ^ repeater58/A (sky130_fd_sc_hd__buf_12)
                  0.40    0.37    3.50 ^ repeater58/X (sky130_fd_sc_hd__buf_12)
    63    0.36                           net58 (net)
                  0.40    0.05    3.55 ^ repeater57/A (sky130_fd_sc_hd__buf_12)
                  0.43    0.39    3.93 ^ repeater57/X (sky130_fd_sc_hd__buf_12)
    65    0.39                           net57 (net)
                  0.50    0.14    4.08 ^ _13452_/RESET_B (sky130_fd_sc_hd__dfrtp_1)
                                  4.08   data arrival time

                         10.00   10.00   clock clk (rise edge)
                          0.00   10.00   clock source latency
                  0.27    0.18   10.18 ^ clk (in)
     1    0.06                           clk (net)
                  0.27    0.00   10.18 ^ clkbuf_0_clk/A (sky130_fd_sc_hd__clkbuf_16)
                  0.05    0.19   10.37 ^ clkbuf_0_clk/X (sky130_fd_sc_hd__clkbuf_16)
     2    0.02                           clknet_0_clk (net)
                  0.05    0.00   10.37 ^ clkbuf_1_1_0_clk/A (sky130_fd_sc_hd__clkbuf_2)
                  0.22    0.21   10.58 ^ clkbuf_1_1_0_clk/X (sky130_fd_sc_hd__clkbuf_2)
     2    0.04                           clknet_1_1_0_clk (net)
                  0.22    0.00   10.59 ^ clkbuf_2_3_0_clk/A (sky130_fd_sc_hd__clkbuf_2)
                  0.20    0.25   10.84 ^ clkbuf_2_3_0_clk/X (sky130_fd_sc_hd__clkbuf_2)
     2    0.04                           clknet_2_3_0_clk (net)
                  0.20    0.00   10.84 ^ clkbuf_3_7_0_clk/A (sky130_fd_sc_hd__clkbuf_2)
                  0.10    0.18   11.02 ^ clkbuf_3_7_0_clk/X (sky130_fd_sc_hd__clkbuf_2)
     2    0.02                           clknet_3_7_0_clk (net)
                  0.10    0.00   11.02 ^ clkbuf_4_14_0_clk/A (sky130_fd_sc_hd__clkbuf_2)
                  0.69    0.54   11.56 ^ clkbuf_4_14_0_clk/X (sky130_fd_sc_hd__clkbuf_2)
    11    0.13                           clknet_4_14_0_clk (net)
                  0.69    0.00   11.56 ^ clkbuf_leaf_104_clk/A (sky130_fd_sc_hd__clkbuf_16)
                  0.06    0.26   11.83 ^ clkbuf_leaf_104_clk/X (sky130_fd_sc_hd__clkbuf_16)
     9    0.03                           clknet_leaf_104_clk (net)
                  0.06    0.00   11.83 ^ _13452_/CLK (sky130_fd_sc_hd__dfrtp_1)
                         -0.25   11.58   clock uncertainty
                          0.00   11.58   clock reconvergence pessimism
                          0.12   11.70   library recovery time
                                 11.70   data required time
-----------------------------------------------------------------------------
                                 11.70   data required time
                                 -4.08   data arrival time
-----------------------------------------------------------------------------
                                  7.62   slack (MET)


Startpoint: rst_n (input port clocked by clk)
Endpoint: _13460_ (recovery check against rising-edge clock clk)
Path Group: **async_default**
Path Type: max

Fanout     Cap    Slew   Delay    Time   Description
-----------------------------------------------------------------------------
                          0.00    0.00   clock clk (rise edge)
                          0.00    0.00   clock network delay (propagated)
                          2.00    2.00 ^ input external delay
                  0.02    0.01    2.01 ^ rst_n (in)
     1    0.00                           rst_n (net)
                  0.02    0.00    2.01 ^ hold3/A (sky130_fd_sc_hd__clkdlybuf4s25_1)
                  0.05    0.25    2.26 ^ hold3/X (sky130_fd_sc_hd__clkdlybuf4s25_1)
     1    0.00                           net77 (net)
                  0.05    0.00    2.26 ^ input27/A (sky130_fd_sc_hd__buf_4)
                  0.02    0.10    2.36 ^ input27/X (sky130_fd_sc_hd__buf_4)
     1    0.00                           net27 (net)
                  0.02    0.00    2.36 ^ hold2/A (sky130_fd_sc_hd__buf_2)
                  0.14    0.18    2.54 ^ hold2/X (sky130_fd_sc_hd__buf_2)
     1    0.03                           net76 (net)
                  0.14    0.00    2.54 ^ repeater60/A (sky130_fd_sc_hd__buf_12)
                  0.07    0.16    2.70 ^ repeater60/X (sky130_fd_sc_hd__buf_12)
     2    0.06                           net60 (net)
                  0.07    0.00    2.70 ^ hold1/A (sky130_fd_sc_hd__buf_12)
                  0.45    0.40    3.10 ^ hold1/X (sky130_fd_sc_hd__buf_12)
    67    0.40                           net75 (net)
                  0.45    0.03    3.12 ^ repeater58/A (sky130_fd_sc_hd__buf_12)
                  0.40    0.37    3.50 ^ repeater58/X (sky130_fd_sc_hd__buf_12)
    63    0.36                           net58 (net)
                  0.40    0.05    3.55 ^ repeater57/A (sky130_fd_sc_hd__buf_12)
                  0.43    0.39    3.93 ^ repeater57/X (sky130_fd_sc_hd__buf_12)
    65    0.39                           net57 (net)
                  0.49    0.13    4.06 ^ _13460_/RESET_B (sky130_fd_sc_hd__dfrtp_2)
                                  4.06   data arrival time

                         10.00   10.00   clock clk (rise edge)
                          0.00   10.00   clock source latency
                  0.27    0.18   10.18 ^ clk (in)
     1    0.06                           clk (net)
                  0.27    0.00   10.18 ^ clkbuf_0_clk/A (sky130_fd_sc_hd__clkbuf_16)
                  0.05    0.19   10.37 ^ clkbuf_0_clk/X (sky130_fd_sc_hd__clkbuf_16)
     2    0.02                           clknet_0_clk (net)
                  0.05    0.00   10.37 ^ clkbuf_1_1_0_clk/A (sky130_fd_sc_hd__clkbuf_2)
                  0.22    0.21   10.58 ^ clkbuf_1_1_0_clk/X (sky130_fd_sc_hd__clkbuf_2)
     2    0.04                           clknet_1_1_0_clk (net)
                  0.22    0.00   10.59 ^ clkbuf_2_3_0_clk/A (sky130_fd_sc_hd__clkbuf_2)
                  0.20    0.25   10.84 ^ clkbuf_2_3_0_clk/X (sky130_fd_sc_hd__clkbuf_2)
     2    0.04                           clknet_2_3_0_clk (net)
                  0.20    0.00   10.84 ^ clkbuf_3_7_0_clk/A (sky130_fd_sc_hd__clkbuf_2)
                  0.10    0.18   11.02 ^ clkbuf_3_7_0_clk/X (sky130_fd_sc_hd__clkbuf_2)
     2    0.02                           clknet_3_7_0_clk (net)
                  0.10    0.00   11.02 ^ clkbuf_4_14_0_clk/A (sky130_fd_sc_hd__clkbuf_2)
                  0.69    0.54   11.56 ^ clkbuf_4_14_0_clk/X (sky130_fd_sc_hd__clkbuf_2)
    11    0.13                           clknet_4_14_0_clk (net)
                  0.69    0.00   11.56 ^ clkbuf_leaf_123_clk/A (sky130_fd_sc_hd__clkbuf_16)
                  0.08    0.28   11.84 ^ clkbuf_leaf_123_clk/X (sky130_fd_sc_hd__clkbuf_16)
    16    0.05                           clknet_leaf_123_clk (net)
                  0.08    0.00   11.84 ^ _13460_/CLK (sky130_fd_sc_hd__dfrtp_2)
                         -0.25   11.59   clock uncertainty
                          0.00   11.59   clock reconvergence pessimism
                          0.10   11.69   library recovery time
                                 11.69   data required time
-----------------------------------------------------------------------------
                                 11.69   data required time
                                 -4.06   data arrival time
-----------------------------------------------------------------------------
                                  7.63   slack (MET)


Startpoint: rst_n (input port clocked by clk)
Endpoint: _13451_ (recovery check against rising-edge clock clk)
Path Group: **async_default**
Path Type: max

Fanout     Cap    Slew   Delay    Time   Description
-----------------------------------------------------------------------------
                          0.00    0.00   clock clk (rise edge)
                          0.00    0.00   clock network delay (propagated)
                          2.00    2.00 ^ input external delay
                  0.02    0.01    2.01 ^ rst_n (in)
     1    0.00                           rst_n (net)
                  0.02    0.00    2.01 ^ hold3/A (sky130_fd_sc_hd__clkdlybuf4s25_1)
                  0.05    0.25    2.26 ^ hold3/X (sky130_fd_sc_hd__clkdlybuf4s25_1)
     1    0.00                           net77 (net)
                  0.05    0.00    2.26 ^ input27/A (sky130_fd_sc_hd__buf_4)
                  0.02    0.10    2.36 ^ input27/X (sky130_fd_sc_hd__buf_4)
     1    0.00                           net27 (net)
                  0.02    0.00    2.36 ^ hold2/A (sky130_fd_sc_hd__buf_2)
                  0.14    0.18    2.54 ^ hold2/X (sky130_fd_sc_hd__buf_2)
     1    0.03                           net76 (net)
                  0.14    0.00    2.54 ^ repeater60/A (sky130_fd_sc_hd__buf_12)
                  0.07    0.16    2.70 ^ repeater60/X (sky130_fd_sc_hd__buf_12)
     2    0.06                           net60 (net)
                  0.07    0.00    2.70 ^ hold1/A (sky130_fd_sc_hd__buf_12)
                  0.45    0.40    3.10 ^ hold1/X (sky130_fd_sc_hd__buf_12)
    67    0.40                           net75 (net)
                  0.45    0.03    3.12 ^ repeater58/A (sky130_fd_sc_hd__buf_12)
                  0.40    0.37    3.50 ^ repeater58/X (sky130_fd_sc_hd__buf_12)
    63    0.36                           net58 (net)
                  0.40    0.05    3.55 ^ repeater57/A (sky130_fd_sc_hd__buf_12)
                  0.43    0.39    3.93 ^ repeater57/X (sky130_fd_sc_hd__buf_12)
    65    0.39                           net57 (net)
                  0.50    0.14    4.08 ^ _13451_/RESET_B (sky130_fd_sc_hd__dfrtp_1)
                                  4.08   data arrival time

                         10.00   10.00   clock clk (rise edge)
                          0.00   10.00   clock source latency
                  0.27    0.18   10.18 ^ clk (in)
     1    0.06                           clk (net)
                  0.27    0.00   10.18 ^ clkbuf_0_clk/A (sky130_fd_sc_hd__clkbuf_16)
                  0.05    0.19   10.37 ^ clkbuf_0_clk/X (sky130_fd_sc_hd__clkbuf_16)
     2    0.02                           clknet_0_clk (net)
                  0.05    0.00   10.37 ^ clkbuf_1_1_0_clk/A (sky130_fd_sc_hd__clkbuf_2)
                  0.22    0.21   10.58 ^ clkbuf_1_1_0_clk/X (sky130_fd_sc_hd__clkbuf_2)
     2    0.04                           clknet_1_1_0_clk (net)
                  0.22    0.00   10.59 ^ clkbuf_2_3_0_clk/A (sky130_fd_sc_hd__clkbuf_2)
                  0.20    0.25   10.84 ^ clkbuf_2_3_0_clk/X (sky130_fd_sc_hd__clkbuf_2)
     2    0.04                           clknet_2_3_0_clk (net)
                  0.20    0.00   10.84 ^ clkbuf_3_7_0_clk/A (sky130_fd_sc_hd__clkbuf_2)
                  0.10    0.18   11.02 ^ clkbuf_3_7_0_clk/X (sky130_fd_sc_hd__clkbuf_2)
     2    0.02                           clknet_3_7_0_clk (net)
                  0.10    0.00   11.02 ^ clkbuf_4_14_0_clk/A (sky130_fd_sc_hd__clkbuf_2)
                  0.69    0.54   11.56 ^ clkbuf_4_14_0_clk/X (sky130_fd_sc_hd__clkbuf_2)
    11    0.13                           clknet_4_14_0_clk (net)
                  0.69    0.00   11.56 ^ clkbuf_leaf_103_clk/A (sky130_fd_sc_hd__clkbuf_16)
                  0.08    0.28   11.84 ^ clkbuf_leaf_103_clk/X (sky130_fd_sc_hd__clkbuf_16)
    15    0.04                           clknet_leaf_103_clk (net)
                  0.08    0.00   11.84 ^ _13451_/CLK (sky130_fd_sc_hd__dfrtp_1)
                         -0.25   11.59   clock uncertainty
                          0.00   11.59   clock reconvergence pessimism
                          0.12   11.71   library recovery time
                                 11.71   data required time
-----------------------------------------------------------------------------
                                 11.71   data required time
                                 -4.08   data arrival time
-----------------------------------------------------------------------------
                                  7.64   slack (MET)


Startpoint: _13170_ (rising edge-triggered flip-flop clocked by clk)
Endpoint: _13162_ (rising edge-triggered flip-flop clocked by clk)
Path Group: clk
Path Type: max

Fanout     Cap    Slew   Delay    Time   Description
-----------------------------------------------------------------------------
                          0.00    0.00   clock clk (rise edge)
                          0.00    0.00   clock source latency
                  0.27    0.20    0.20 ^ clk (in)
     1    0.06                           clk (net)
                  0.27    0.00    0.20 ^ clkbuf_0_clk/A (sky130_fd_sc_hd__clkbuf_16)
                  0.05    0.21    0.41 ^ clkbuf_0_clk/X (sky130_fd_sc_hd__clkbuf_16)
     2    0.02                           clknet_0_clk (net)
                  0.05    0.00    0.41 ^ clkbuf_1_0_0_clk/A (sky130_fd_sc_hd__clkbuf_2)
                  0.22    0.24    0.65 ^ clkbuf_1_0_0_clk/X (sky130_fd_sc_hd__clkbuf_2)
     2    0.04                           clknet_1_0_0_clk (net)
                  0.22    0.00    0.65 ^ clkbuf_2_1_0_clk/A (sky130_fd_sc_hd__clkbuf_2)
                  0.21    0.29    0.94 ^ clkbuf_2_1_0_clk/X (sky130_fd_sc_hd__clkbuf_2)
     2    0.04                           clknet_2_1_0_clk (net)
                  0.21    0.00    0.94 ^ clkbuf_3_3_0_clk/A (sky130_fd_sc_hd__clkbuf_2)
                  0.11    0.21    1.15 ^ clkbuf_3_3_0_clk/X (sky130_fd_sc_hd__clkbuf_2)
     2    0.02                           clknet_3_3_0_clk (net)
                  0.11    0.00    1.15 ^ clkbuf_4_7_0_clk/A (sky130_fd_sc_hd__clkbuf_2)
                  0.81    0.68    1.84 ^ clkbuf_4_7_0_clk/X (sky130_fd_sc_hd__clkbuf_2)
    12    0.15                           clknet_4_7_0_clk (net)
                  0.81    0.00    1.84 ^ clkbuf_leaf_58_clk/A (sky130_fd_sc_hd__clkbuf_16)
                  0.07    0.31    2.15 ^ clkbuf_leaf_58_clk/X (sky130_fd_sc_hd__clkbuf_16)
    13    0.04                           clknet_leaf_58_clk (net)
                  0.07    0.00    2.15 ^ _13170_/CLK (sky130_fd_sc_hd__dfxtp_1)
                  0.25    0.48    2.64 ^ _13170_/Q (sky130_fd_sc_hd__dfxtp_1)
     5    0.03                           sa_inst.sak.rows:1.cols:3.pe_ij.s3fdp_inst.significand_product_shifter_inst._0_[1] (net)
                  0.25    0.00    2.64 ^ _07226_/A (sky130_fd_sc_hd__clkbuf_2)
                  0.14    0.24    2.88 ^ _07226_/X (sky130_fd_sc_hd__clkbuf_2)
     5    0.02                           _01817_ (net)
                  0.14    0.00    2.88 ^ _07244_/S (sky130_fd_sc_hd__mux2_1)
                  0.07    0.37    3.25 v _07244_/X (sky130_fd_sc_hd__mux2_1)
     2    0.01                           _01834_ (net)
                  0.07    0.00    3.25 v _07248_/A2 (sky130_fd_sc_hd__mux4_2)
                  0.12    0.56    3.81 v _07248_/X (sky130_fd_sc_hd__mux4_2)
     2    0.02                           _01838_ (net)
                  0.12    0.00    3.82 v _07249_/D (sky130_fd_sc_hd__nand4_4)
                  0.12    0.17    3.98 ^ _07249_/Y (sky130_fd_sc_hd__nand4_4)
     4    0.02                           _01839_ (net)
                  0.12    0.00    3.98 ^ _07284_/A (sky130_fd_sc_hd__nor3b_1)
                  0.09    0.10    4.09 v _07284_/Y (sky130_fd_sc_hd__nor3b_1)
     2    0.01                           _01872_ (net)
                  0.09    0.00    4.09 v _07285_/A (sky130_fd_sc_hd__buf_2)
                  0.08    0.20    4.28 v _07285_/X (sky130_fd_sc_hd__buf_2)
     5    0.03                           _01873_ (net)
                  0.08    0.00    4.28 v _07286_/A (sky130_fd_sc_hd__clkbuf_2)
                  0.08    0.17    4.46 v _07286_/X (sky130_fd_sc_hd__clkbuf_2)
     5    0.02                           _01874_ (net)
                  0.08    0.00    4.46 v _07288_/A (sky130_fd_sc_hd__nor2_1)
                  0.26    0.26    4.71 ^ _07288_/Y (sky130_fd_sc_hd__nor2_1)
     4    0.01                           _01876_ (net)
                  0.26    0.00    4.72 ^ _07289_/B (sky130_fd_sc_hd__nor2_1)
                  0.08    0.12    4.83 v _07289_/Y (sky130_fd_sc_hd__nor2_1)
     3    0.01                           _01877_ (net)
                  0.08    0.00    4.83 v _07305_/A (sky130_fd_sc_hd__or3_1)
                  0.10    0.45    5.28 v _07305_/X (sky130_fd_sc_hd__or3_1)
     3    0.01                           _01892_ (net)
                  0.10    0.00    5.28 v _07338_/A2 (sky130_fd_sc_hd__a311o_1)
                  0.11    0.41    5.69 v _07338_/X (sky130_fd_sc_hd__a311o_1)
     4    0.01                           _01923_ (net)
                  0.11    0.00    5.69 v _07417_/A1 (sky130_fd_sc_hd__a2111o_1)
                  0.10    0.45    6.14 v _07417_/X (sky130_fd_sc_hd__a2111o_1)
     2    0.01                           _01996_ (net)
                  0.10    0.00    6.14 v _07424_/A3 (sky130_fd_sc_hd__a31o_1)
                  0.10    0.31    6.45 v _07424_/X (sky130_fd_sc_hd__a31o_1)
     3    0.02                           _02003_ (net)
                  0.10    0.00    6.45 v _07460_/A1 (sky130_fd_sc_hd__o41ai_4)
                  0.40    0.51    6.97 ^ _07460_/Y (sky130_fd_sc_hd__o41ai_4)
     4    0.02                           _02035_ (net)
                  0.40    0.00    6.97 ^ _07535_/A1 (sky130_fd_sc_hd__a211o_2)
                  0.12    0.29    7.25 ^ _07535_/X (sky130_fd_sc_hd__a211o_2)
     5    0.02                           _02102_ (net)
                  0.12    0.00    7.25 ^ _07563_/A1 (sky130_fd_sc_hd__a31oi_2)
                  0.11    0.14    7.39 v _07563_/Y (sky130_fd_sc_hd__a31oi_2)
     3    0.01                           _02126_ (net)
                  0.11    0.00    7.39 v _07578_/A (sky130_fd_sc_hd__or4bb_1)
                  0.13    0.61    8.01 v _07578_/X (sky130_fd_sc_hd__or4bb_1)
     3    0.01                           _02139_ (net)
                  0.13    0.00    8.01 v _07587_/A2 (sky130_fd_sc_hd__a21oi_1)
                  0.23    0.28    8.28 ^ _07587_/Y (sky130_fd_sc_hd__a21oi_1)
     2    0.01                           _02147_ (net)
                  0.23    0.00    8.29 ^ _07589_/A2 (sky130_fd_sc_hd__o211ai_1)
                  0.08    0.13    8.42 v _07589_/Y (sky130_fd_sc_hd__o211ai_1)
     1    0.00                           _02149_ (net)
                  0.08    0.00    8.42 v _07590_/A3 (sky130_fd_sc_hd__a31o_1)
                  0.03    0.23    8.65 v _07590_/X (sky130_fd_sc_hd__a31o_1)
     1    0.00                           sa_inst.sak.rows:1.cols:3.pe_ij.s3fdp_inst._24_[31] (net)
                  0.03    0.00    8.65 v _13162_/D (sky130_fd_sc_hd__dfrtp_1)
                                  8.65   data arrival time

                         10.00   10.00   clock clk (rise edge)
                          0.00   10.00   clock source latency
                  0.27    0.18   10.18 ^ clk (in)
     1    0.06                           clk (net)
                  0.27    0.00   10.18 ^ clkbuf_0_clk/A (sky130_fd_sc_hd__clkbuf_16)
                  0.05    0.19   10.37 ^ clkbuf_0_clk/X (sky130_fd_sc_hd__clkbuf_16)
     2    0.02                           clknet_0_clk (net)
                  0.05    0.00   10.37 ^ clkbuf_1_0_0_clk/A (sky130_fd_sc_hd__clkbuf_2)
                  0.22    0.22   10.59 ^ clkbuf_1_0_0_clk/X (sky130_fd_sc_hd__clkbuf_2)
     2    0.04                           clknet_1_0_0_clk (net)
                  0.22    0.00   10.59 ^ clkbuf_2_1_0_clk/A (sky130_fd_sc_hd__clkbuf_2)
                  0.21    0.26   10.85 ^ clkbuf_2_1_0_clk/X (sky130_fd_sc_hd__clkbuf_2)
     2    0.04                           clknet_2_1_0_clk (net)
                  0.21    0.00   10.85 ^ clkbuf_3_3_0_clk/A (sky130_fd_sc_hd__clkbuf_2)
                  0.11    0.19   11.04 ^ clkbuf_3_3_0_clk/X (sky130_fd_sc_hd__clkbuf_2)
     2    0.02                           clknet_3_3_0_clk (net)
                  0.11    0.00   11.04 ^ clkbuf_4_6_0_clk/A (sky130_fd_sc_hd__clkbuf_2)
                  0.88    0.66   11.71 ^ clkbuf_4_6_0_clk/X (sky130_fd_sc_hd__clkbuf_2)
    13    0.17                           clknet_4_6_0_clk (net)
                  0.88    0.01   11.72 ^ clkbuf_leaf_22_clk/A (sky130_fd_sc_hd__clkbuf_16)
                  0.07    0.28   12.00 ^ clkbuf_leaf_22_clk/X (sky130_fd_sc_hd__clkbuf_16)
     6    0.03                           clknet_leaf_22_clk (net)
                  0.07    0.00   12.00 ^ _13162_/CLK (sky130_fd_sc_hd__dfrtp_1)
                         -0.25   11.75   clock uncertainty
                          0.11   11.86   clock reconvergence pessimism
                         -0.10   11.75   library setup time
                                 11.75   data required time
-----------------------------------------------------------------------------
                                 11.75   data required time
                                 -8.65   data arrival time
-----------------------------------------------------------------------------
                                  3.10   slack (MET)


Startpoint: _13037_ (rising edge-triggered flip-flop clocked by clk)
Endpoint: _13283_ (rising edge-triggered flip-flop clocked by clk)
Path Group: clk
Path Type: max

Fanout     Cap    Slew   Delay    Time   Description
-----------------------------------------------------------------------------
                          0.00    0.00   clock clk (rise edge)
                          0.00    0.00   clock source latency
                  0.27    0.20    0.20 ^ clk (in)
     1    0.06                           clk (net)
                  0.27    0.00    0.20 ^ clkbuf_0_clk/A (sky130_fd_sc_hd__clkbuf_16)
                  0.05    0.21    0.41 ^ clkbuf_0_clk/X (sky130_fd_sc_hd__clkbuf_16)
     2    0.02                           clknet_0_clk (net)
                  0.05    0.00    0.41 ^ clkbuf_1_0_0_clk/A (sky130_fd_sc_hd__clkbuf_2)
                  0.22    0.24    0.65 ^ clkbuf_1_0_0_clk/X (sky130_fd_sc_hd__clkbuf_2)
     2    0.04                           clknet_1_0_0_clk (net)
                  0.22    0.00    0.65 ^ clkbuf_2_1_0_clk/A (sky130_fd_sc_hd__clkbuf_2)
                  0.21    0.29    0.94 ^ clkbuf_2_1_0_clk/X (sky130_fd_sc_hd__clkbuf_2)
     2    0.04                           clknet_2_1_0_clk (net)
                  0.21    0.01    0.94 ^ clkbuf_3_2_0_clk/A (sky130_fd_sc_hd__clkbuf_2)
                  0.12    0.22    1.17 ^ clkbuf_3_2_0_clk/X (sky130_fd_sc_hd__clkbuf_2)
     2    0.02                           clknet_3_2_0_clk (net)
                  0.12    0.00    1.17 ^ clkbuf_4_5_0_clk/A (sky130_fd_sc_hd__clkbuf_2)
                  0.86    0.72    1.89 ^ clkbuf_4_5_0_clk/X (sky130_fd_sc_hd__clkbuf_2)
    12    0.16                           clknet_4_5_0_clk (net)
                  0.86    0.01    1.90 ^ clkbuf_leaf_50_clk/A (sky130_fd_sc_hd__clkbuf_16)
                  0.06    0.30    2.20 ^ clkbuf_leaf_50_clk/X (sky130_fd_sc_hd__clkbuf_16)
     6    0.02                           clknet_leaf_50_clk (net)
                  0.06    0.00    2.20 ^ _13037_/CLK (sky130_fd_sc_hd__dfxtp_1)
                  0.17    0.42    2.62 ^ _13037_/Q (sky130_fd_sc_hd__dfxtp_1)
     4    0.02                           sa_inst.sak.rows:1.cols:2.pe_ij.s3fdp_inst.significand_product_shifter_inst._0_[1] (net)
                  0.17    0.00    2.62 ^ _06632_/A (sky130_fd_sc_hd__clkbuf_2)
                  0.15    0.23    2.86 ^ _06632_/X (sky130_fd_sc_hd__clkbuf_2)
     5    0.03                           _01268_ (net)
                  0.15    0.00    2.86 ^ _06704_/S (sky130_fd_sc_hd__mux2_1)
                  0.10    0.41    3.27 v _06704_/X (sky130_fd_sc_hd__mux2_1)
     2    0.01                           _01336_ (net)
                  0.10    0.00    3.27 v _06706_/A1 (sky130_fd_sc_hd__mux4_1)
                  0.13    0.61    3.88 v _06706_/X (sky130_fd_sc_hd__mux4_1)
     2    0.01                           _01338_ (net)
                  0.13    0.00    3.88 v _06720_/B (sky130_fd_sc_hd__and3_1)
                  0.08    0.25    4.13 v _06720_/X (sky130_fd_sc_hd__and3_1)
     3    0.01                           _01351_ (net)
                  0.08    0.00    4.13 v _06753_/A (sky130_fd_sc_hd__and3_1)
                  0.09    0.22    4.35 v _06753_/X (sky130_fd_sc_hd__and3_1)
     5    0.02                           _01382_ (net)
                  0.09    0.00    4.35 v _06786_/B (sky130_fd_sc_hd__nand3_1)
                  0.16    0.18    4.53 ^ _06786_/Y (sky130_fd_sc_hd__nand3_1)
     3    0.01                           _01413_ (net)
                  0.16    0.00    4.53 ^ _06787_/A (sky130_fd_sc_hd__buf_2)
                  0.16    0.24    4.77 ^ _06787_/X (sky130_fd_sc_hd__buf_2)
     5    0.03                           _01414_ (net)
                  0.16    0.00    4.77 ^ _06795_/A (sky130_fd_sc_hd__dlymetal6s2s_1)
                  0.21    0.25    5.02 ^ _06795_/X (sky130_fd_sc_hd__dlymetal6s2s_1)
     5    0.02                           _01422_ (net)
                  0.21    0.00    5.02 ^ _07864_/A1 (sky130_fd_sc_hd__a21oi_1)
                  0.09    0.13    5.15 v _07864_/Y (sky130_fd_sc_hd__a21oi_1)
     3    0.01                           _02402_ (net)
                  0.09    0.00    5.15 v _07885_/D (sky130_fd_sc_hd__or4_1)
                  0.10    0.45    5.60 v _07885_/X (sky130_fd_sc_hd__or4_1)
     1    0.00                           _02420_ (net)
                  0.10    0.00    5.60 v _07886_/B (sky130_fd_sc_hd__nor4_1)
                  0.35    0.39    5.99 ^ _07886_/Y (sky130_fd_sc_hd__nor4_1)
     1    0.01                           _02421_ (net)
                  0.35    0.00    5.99 ^ _07887_/B1 (sky130_fd_sc_hd__o41ai_2)
                  0.11    0.17    6.17 v _07887_/Y (sky130_fd_sc_hd__o41ai_2)
     1    0.01                           _02422_ (net)
                  0.11    0.00    6.17 v _07891_/A3 (sky130_fd_sc_hd__a31o_1)
                  0.08    0.30    6.46 v _07891_/X (sky130_fd_sc_hd__a31o_1)
     3    0.01                           _02426_ (net)
                  0.08    0.00    6.46 v _07920_/B2 (sky130_fd_sc_hd__o221a_2)
                  0.10    0.33    6.79 v _07920_/X (sky130_fd_sc_hd__o221a_2)
     5    0.03                           _02451_ (net)
                  0.10    0.00    6.79 v _07976_/A1 (sky130_fd_sc_hd__o21ai_4)
                  0.22    0.26    7.05 ^ _07976_/Y (sky130_fd_sc_hd__o21ai_4)
     5    0.03                           _02499_ (net)
                  0.22    0.00    7.06 ^ _08000_/A1 (sky130_fd_sc_hd__a31oi_2)
                  0.11    0.16    7.22 v _08000_/Y (sky130_fd_sc_hd__a31oi_2)
     3    0.01                           _02519_ (net)
                  0.11    0.00    7.22 v _08013_/A (sky130_fd_sc_hd__or4bb_1)
                  0.11    0.59    7.81 v _08013_/X (sky130_fd_sc_hd__or4bb_1)
     2    0.01                           _02530_ (net)
                  0.11    0.00    7.81 v _08017_/A2 (sky130_fd_sc_hd__a21o_1)
                  0.07    0.25    8.06 v _08017_/X (sky130_fd_sc_hd__a21o_1)
     3    0.01                           _02534_ (net)
                  0.07    0.00    8.06 v _08022_/A2 (sky130_fd_sc_hd__a31o_1)
                  0.04    0.23    8.29 v _08022_/X (sky130_fd_sc_hd__a31o_1)
     1    0.00                           _02538_ (net)
                  0.04    0.00    8.29 v _08023_/A2 (sky130_fd_sc_hd__o21bai_1)
                  0.11    0.13    8.42 ^ _08023_/Y (sky130_fd_sc_hd__o21bai_1)
     1    0.00                           sa_inst.sak.rows:2.cols:1.pe_ij.s3fdp_inst._24_[31] (net)
                  0.11    0.00    8.42 ^ _13283_/D (sky130_fd_sc_hd__dfrtp_1)
                                  8.42   data arrival time

                         10.00   10.00   clock clk (rise edge)
                          0.00   10.00   clock source latency
                  0.27    0.18   10.18 ^ clk (in)
     1    0.06                           clk (net)
                  0.27    0.00   10.18 ^ clkbuf_0_clk/A (sky130_fd_sc_hd__clkbuf_16)
                  0.05    0.19   10.37 ^ clkbuf_0_clk/X (sky130_fd_sc_hd__clkbuf_16)
     2    0.02                           clknet_0_clk (net)
                  0.05    0.00   10.37 ^ clkbuf_1_0_0_clk/A (sky130_fd_sc_hd__clkbuf_2)
                  0.22    0.22   10.59 ^ clkbuf_1_0_0_clk/X (sky130_fd_sc_hd__clkbuf_2)
     2    0.04                           clknet_1_0_0_clk (net)
                  0.22    0.00   10.59 ^ clkbuf_2_0_0_clk/A (sky130_fd_sc_hd__clkbuf_2)
                  0.15    0.22   10.81 ^ clkbuf_2_0_0_clk/X (sky130_fd_sc_hd__clkbuf_2)
     2    0.03                           clknet_2_0_0_clk (net)
                  0.15    0.00   10.81 ^ clkbuf_3_0_0_clk/A (sky130_fd_sc_hd__clkbuf_2)
                  0.12    0.19   11.00 ^ clkbuf_3_0_0_clk/X (sky130_fd_sc_hd__clkbuf_2)
     2    0.02                           clknet_3_0_0_clk (net)
                  0.12    0.00   11.00 ^ clkbuf_4_1_0_clk/A (sky130_fd_sc_hd__clkbuf_2)
                  0.78    0.61   11.60 ^ clkbuf_4_1_0_clk/X (sky130_fd_sc_hd__clkbuf_2)
    11    0.15                           clknet_4_1_0_clk (net)
                  0.78    0.00   11.61 ^ clkbuf_leaf_10_clk/A (sky130_fd_sc_hd__clkbuf_16)
                  0.06    0.27   11.87 ^ clkbuf_leaf_10_clk/X (sky130_fd_sc_hd__clkbuf_16)
     5    0.02                           clknet_leaf_10_clk (net)
                  0.06    0.00   11.87 ^ _13283_/CLK (sky130_fd_sc_hd__dfrtp_1)
                         -0.25   11.62   clock uncertainty
                          0.06   11.69   clock reconvergence pessimism
                         -0.07   11.61   library setup time
                                 11.61   data required time
-----------------------------------------------------------------------------
                                 11.61   data required time
                                 -8.42   data arrival time
-----------------------------------------------------------------------------
                                  3.20   slack (MET)


Startpoint: _13474_ (rising edge-triggered flip-flop clocked by clk)
Endpoint: _13466_ (rising edge-triggered flip-flop clocked by clk)
Path Group: clk
Path Type: max

Fanout     Cap    Slew   Delay    Time   Description
-----------------------------------------------------------------------------
                          0.00    0.00   clock clk (rise edge)
                          0.00    0.00   clock source latency
                  0.27    0.20    0.20 ^ clk (in)
     1    0.06                           clk (net)
                  0.27    0.00    0.20 ^ clkbuf_0_clk/A (sky130_fd_sc_hd__clkbuf_16)
                  0.05    0.21    0.41 ^ clkbuf_0_clk/X (sky130_fd_sc_hd__clkbuf_16)
     2    0.02                           clknet_0_clk (net)
                  0.05    0.00    0.41 ^ clkbuf_1_1_0_clk/A (sky130_fd_sc_hd__clkbuf_2)
                  0.22    0.24    0.65 ^ clkbuf_1_1_0_clk/X (sky130_fd_sc_hd__clkbuf_2)
     2    0.04                           clknet_1_1_0_clk (net)
                  0.22    0.00    0.65 ^ clkbuf_2_3_0_clk/A (sky130_fd_sc_hd__clkbuf_2)
                  0.20    0.28    0.93 ^ clkbuf_2_3_0_clk/X (sky130_fd_sc_hd__clkbuf_2)
     2    0.04                           clknet_2_3_0_clk (net)
                  0.20    0.00    0.93 ^ clkbuf_3_6_0_clk/A (sky130_fd_sc_hd__clkbuf_2)
                  0.11    0.21    1.14 ^ clkbuf_3_6_0_clk/X (sky130_fd_sc_hd__clkbuf_2)
     2    0.02                           clknet_3_6_0_clk (net)
                  0.11    0.00    1.14 ^ clkbuf_4_13_0_clk/A (sky130_fd_sc_hd__clkbuf_2)
                  0.78    0.66    1.80 ^ clkbuf_4_13_0_clk/X (sky130_fd_sc_hd__clkbuf_2)
    12    0.15                           clknet_4_13_0_clk (net)
                  0.78    0.01    1.81 ^ clkbuf_leaf_85_clk/A (sky130_fd_sc_hd__clkbuf_16)
                  0.06    0.29    2.10 ^ clkbuf_leaf_85_clk/X (sky130_fd_sc_hd__clkbuf_16)
     6    0.02                           clknet_leaf_85_clk (net)
                  0.06    0.00    2.10 ^ _13474_/CLK (sky130_fd_sc_hd__dfxtp_1)
                  0.20    0.44    2.54 ^ _13474_/Q (sky130_fd_sc_hd__dfxtp_1)
     4    0.02                           sa_inst.sak.rows:2.cols:3.pe_ij.s3fdp_inst.significand_product_shifter_inst._0_[1] (net)
                  0.20    0.00    2.54 ^ _08432_/A (sky130_fd_sc_hd__clkbuf_2)
                  0.13    0.23    2.77 ^ _08432_/X (sky130_fd_sc_hd__clkbuf_2)
     5    0.02                           _02848_ (net)
                  0.13    0.00    2.77 ^ _08433_/S0 (sky130_fd_sc_hd__mux4_1)
                  0.13    0.65    3.42 v _08433_/X (sky130_fd_sc_hd__mux4_1)
     2    0.01                           _02849_ (net)
                  0.13    0.00    3.42 v _08435_/B1 (sky130_fd_sc_hd__a32o_2)
                  0.09    0.32    3.74 v _08435_/X (sky130_fd_sc_hd__a32o_2)
     3    0.02                           _02851_ (net)
                  0.09    0.00    3.74 v _08450_/C (sky130_fd_sc_hd__nand4_2)
                  0.12    0.16    3.90 ^ _08450_/Y (sky130_fd_sc_hd__nand4_2)
     4    0.02                           _02865_ (net)
                  0.12    0.00    3.90 ^ _08451_/A (sky130_fd_sc_hd__dlymetal6s2s_1)
                  0.20    0.24    4.14 ^ _08451_/X (sky130_fd_sc_hd__dlymetal6s2s_1)
     5    0.02                           _02866_ (net)
                  0.20    0.00    4.14 ^ _08456_/A1 (sky130_fd_sc_hd__a21oi_1)
                  0.09    0.13    4.26 v _08456_/Y (sky130_fd_sc_hd__a21oi_1)
     2    0.01                           _02871_ (net)
                  0.09    0.00    4.27 v _08465_/A1 (sky130_fd_sc_hd__o21ba_1)
                  0.08    0.25    4.51 v _08465_/X (sky130_fd_sc_hd__o21ba_1)
     3    0.01                           _02879_ (net)
                  0.08    0.00    4.52 v _08511_/A1 (sky130_fd_sc_hd__o211a_1)
                  0.05    0.25    4.77 v _08511_/X (sky130_fd_sc_hd__o211a_1)
     2    0.01                           _02923_ (net)
                  0.05    0.00    4.77 v _08512_/C (sky130_fd_sc_hd__or3_1)
                  0.12    0.39    5.16 v _08512_/X (sky130_fd_sc_hd__or3_1)
     3    0.01                           _02924_ (net)
                  0.12    0.00    5.16 v _08539_/A2 (sky130_fd_sc_hd__a311o_1)
                  0.10    0.41    5.58 v _08539_/X (sky130_fd_sc_hd__a311o_1)
     4    0.01                           _02949_ (net)
                  0.10    0.00    5.58 v _08623_/A1 (sky130_fd_sc_hd__a2111o_1)
                  0.10    0.45    6.03 v _08623_/X (sky130_fd_sc_hd__a2111o_1)
     2    0.01                           _03027_ (net)
                  0.10    0.00    6.03 v _08629_/A3 (sky130_fd_sc_hd__a31o_1)
                  0.09    0.30    6.33 v _08629_/X (sky130_fd_sc_hd__a31o_1)
     3    0.02                           _03033_ (net)
                  0.09    0.00    6.33 v _08670_/A1 (sky130_fd_sc_hd__o41ai_4)
                  0.39    0.51    6.84 ^ _08670_/Y (sky130_fd_sc_hd__o41ai_4)
     4    0.02                           _03070_ (net)
                  0.39    0.00    6.84 ^ _08745_/A1 (sky130_fd_sc_hd__a21o_1)
                  0.23    0.32    7.16 ^ _08745_/X (sky130_fd_sc_hd__a21o_1)
     5    0.03                           _03137_ (net)
                  0.23    0.00    7.16 ^ _08772_/A1 (sky130_fd_sc_hd__a31oi_2)
                  0.12    0.17    7.33 v _08772_/Y (sky130_fd_sc_hd__a31oi_2)
     3    0.01                           _03160_ (net)
                  0.12    0.00    7.33 v _08786_/A (sky130_fd_sc_hd__or4bb_1)
                  0.12    0.60    7.93 v _08786_/X (sky130_fd_sc_hd__or4bb_1)
     2    0.01                           _03172_ (net)
                  0.12    0.00    7.93 v _08790_/A2 (sky130_fd_sc_hd__a21o_1)
                  0.06    0.24    8.18 v _08790_/X (sky130_fd_sc_hd__a21o_1)
     3    0.01                           _03176_ (net)
                  0.06    0.00    8.18 v _08795_/A2 (sky130_fd_sc_hd__a31o_1)
                  0.04    0.22    8.40 v _08795_/X (sky130_fd_sc_hd__a31o_1)
     1    0.00                           _03180_ (net)
                  0.04    0.00    8.40 v _08796_/A2 (sky130_fd_sc_hd__o21bai_1)
                  0.11    0.12    8.52 ^ _08796_/Y (sky130_fd_sc_hd__o21bai_1)
     1    0.00                           sa_inst.sak.rows:2.cols:3.pe_ij.s3fdp_inst._24_[31] (net)
                  0.11    0.00    8.52 ^ _13466_/D (sky130_fd_sc_hd__dfrtp_1)
                                  8.52   data arrival time

                         10.00   10.00   clock clk (rise edge)
                          0.00   10.00   clock source latency
                  0.27    0.18   10.18 ^ clk (in)
     1    0.06                           clk (net)
                  0.27    0.00   10.18 ^ clkbuf_0_clk/A (sky130_fd_sc_hd__clkbuf_16)
                  0.05    0.19   10.37 ^ clkbuf_0_clk/X (sky130_fd_sc_hd__clkbuf_16)
     2    0.02                           clknet_0_clk (net)
                  0.05    0.00   10.37 ^ clkbuf_1_1_0_clk/A (sky130_fd_sc_hd__clkbuf_2)
                  0.22    0.21   10.58 ^ clkbuf_1_1_0_clk/X (sky130_fd_sc_hd__clkbuf_2)
     2    0.04                           clknet_1_1_0_clk (net)
                  0.22    0.00   10.59 ^ clkbuf_2_2_0_clk/A (sky130_fd_sc_hd__clkbuf_2)
                  0.20    0.26   10.84 ^ clkbuf_2_2_0_clk/X (sky130_fd_sc_hd__clkbuf_2)
     2    0.04                           clknet_2_2_0_clk (net)
                  0.20    0.00   10.85 ^ clkbuf_3_4_0_clk/A (sky130_fd_sc_hd__clkbuf_2)
                  0.13    0.20   11.05 ^ clkbuf_3_4_0_clk/X (sky130_fd_sc_hd__clkbuf_2)
     2    0.02                           clknet_3_4_0_clk (net)
                  0.13    0.00   11.05 ^ clkbuf_4_9_0_clk/A (sky130_fd_sc_hd__clkbuf_2)
                  0.88    0.67   11.72 ^ clkbuf_4_9_0_clk/X (sky130_fd_sc_hd__clkbuf_2)
    13    0.16                           clknet_4_9_0_clk (net)
                  0.88    0.01   11.72 ^ clkbuf_leaf_116_clk/A (sky130_fd_sc_hd__clkbuf_16)
                  0.07    0.29   12.01 ^ clkbuf_leaf_116_clk/X (sky130_fd_sc_hd__clkbuf_16)
    10    0.03                           clknet_leaf_116_clk (net)
                  0.07    0.00   12.01 ^ _13466_/CLK (sky130_fd_sc_hd__dfrtp_1)
                         -0.25   11.76   clock uncertainty
                          0.06   11.82   clock reconvergence pessimism
                         -0.07   11.75   library setup time
                                 11.75   data required time
-----------------------------------------------------------------------------
                                 11.75   data required time
                                 -8.52   data arrival time
-----------------------------------------------------------------------------
                                  3.23   slack (MET)


Startpoint: _13170_ (rising edge-triggered flip-flop clocked by clk)
Endpoint: _13554_ (rising edge-triggered flip-flop clocked by clk)
Path Group: clk
Path Type: max

Fanout     Cap    Slew   Delay    Time   Description
-----------------------------------------------------------------------------
                          0.00    0.00   clock clk (rise edge)
                          0.00    0.00   clock source latency
                  0.27    0.20    0.20 ^ clk (in)
     1    0.06                           clk (net)
                  0.27    0.00    0.20 ^ clkbuf_0_clk/A (sky130_fd_sc_hd__clkbuf_16)
                  0.05    0.21    0.41 ^ clkbuf_0_clk/X (sky130_fd_sc_hd__clkbuf_16)
     2    0.02                           clknet_0_clk (net)
                  0.05    0.00    0.41 ^ clkbuf_1_0_0_clk/A (sky130_fd_sc_hd__clkbuf_2)
                  0.22    0.24    0.65 ^ clkbuf_1_0_0_clk/X (sky130_fd_sc_hd__clkbuf_2)
     2    0.04                           clknet_1_0_0_clk (net)
                  0.22    0.00    0.65 ^ clkbuf_2_1_0_clk/A (sky130_fd_sc_hd__clkbuf_2)
                  0.21    0.29    0.94 ^ clkbuf_2_1_0_clk/X (sky130_fd_sc_hd__clkbuf_2)
     2    0.04                           clknet_2_1_0_clk (net)
                  0.21    0.00    0.94 ^ clkbuf_3_3_0_clk/A (sky130_fd_sc_hd__clkbuf_2)
                  0.11    0.21    1.15 ^ clkbuf_3_3_0_clk/X (sky130_fd_sc_hd__clkbuf_2)
     2    0.02                           clknet_3_3_0_clk (net)
                  0.11    0.00    1.15 ^ clkbuf_4_7_0_clk/A (sky130_fd_sc_hd__clkbuf_2)
                  0.81    0.68    1.84 ^ clkbuf_4_7_0_clk/X (sky130_fd_sc_hd__clkbuf_2)
    12    0.15                           clknet_4_7_0_clk (net)
                  0.81    0.00    1.84 ^ clkbuf_leaf_58_clk/A (sky130_fd_sc_hd__clkbuf_16)
                  0.07    0.31    2.15 ^ clkbuf_leaf_58_clk/X (sky130_fd_sc_hd__clkbuf_16)
    13    0.04                           clknet_leaf_58_clk (net)
                  0.07    0.00    2.15 ^ _13170_/CLK (sky130_fd_sc_hd__dfxtp_1)
                  0.25    0.48    2.64 ^ _13170_/Q (sky130_fd_sc_hd__dfxtp_1)
     5    0.03                           sa_inst.sak.rows:1.cols:3.pe_ij.s3fdp_inst.significand_product_shifter_inst._0_[1] (net)
                  0.25    0.00    2.64 ^ _07226_/A (sky130_fd_sc_hd__clkbuf_2)
                  0.14    0.24    2.88 ^ _07226_/X (sky130_fd_sc_hd__clkbuf_2)
     5    0.02                           _01817_ (net)
                  0.14    0.00    2.88 ^ _07244_/S (sky130_fd_sc_hd__mux2_1)
                  0.07    0.37    3.25 v _07244_/X (sky130_fd_sc_hd__mux2_1)
     2    0.01                           _01834_ (net)
                  0.07    0.00    3.25 v _07248_/A2 (sky130_fd_sc_hd__mux4_2)
                  0.12    0.56    3.81 v _07248_/X (sky130_fd_sc_hd__mux4_2)
     2    0.02                           _01838_ (net)
                  0.12    0.00    3.82 v _07249_/D (sky130_fd_sc_hd__nand4_4)
                  0.12    0.17    3.98 ^ _07249_/Y (sky130_fd_sc_hd__nand4_4)
     4    0.02                           _01839_ (net)
                  0.12    0.00    3.98 ^ _07284_/A (sky130_fd_sc_hd__nor3b_1)
                  0.09    0.10    4.09 v _07284_/Y (sky130_fd_sc_hd__nor3b_1)
     2    0.01                           _01872_ (net)
                  0.09    0.00    4.09 v _07285_/A (sky130_fd_sc_hd__buf_2)
                  0.08    0.20    4.28 v _07285_/X (sky130_fd_sc_hd__buf_2)
     5    0.03                           _01873_ (net)
                  0.08    0.00    4.28 v _07286_/A (sky130_fd_sc_hd__clkbuf_2)
                  0.08    0.17    4.46 v _07286_/X (sky130_fd_sc_hd__clkbuf_2)
     5    0.02                           _01874_ (net)
                  0.08    0.00    4.46 v _07288_/A (sky130_fd_sc_hd__nor2_1)
                  0.26    0.26    4.71 ^ _07288_/Y (sky130_fd_sc_hd__nor2_1)
     4    0.01                           _01876_ (net)
                  0.26    0.00    4.72 ^ _09098_/B (sky130_fd_sc_hd__nor2_1)
                  0.09    0.12    4.84 v _09098_/Y (sky130_fd_sc_hd__nor2_1)
     3    0.01                           _03434_ (net)
                  0.09    0.00    4.84 v _09109_/A (sky130_fd_sc_hd__or3_1)
                  0.12    0.47    5.31 v _09109_/X (sky130_fd_sc_hd__or3_1)
     4    0.01                           _03444_ (net)
                  0.12    0.00    5.31 v _09134_/A (sky130_fd_sc_hd__or4_1)
                  0.11    0.61    5.92 v _09134_/X (sky130_fd_sc_hd__or4_1)
     2    0.01                           _03465_ (net)
                  0.11    0.00    5.92 v _09162_/A3 (sky130_fd_sc_hd__a311o_1)
                  0.06    0.40    6.32 v _09162_/X (sky130_fd_sc_hd__a311o_1)
     1    0.01                           _03489_ (net)
                  0.06    0.00    6.32 v _09166_/A3 (sky130_fd_sc_hd__a31o_1)
                  0.09    0.29    6.62 v _09166_/X (sky130_fd_sc_hd__a31o_1)
     4    0.02                           _03493_ (net)
                  0.09    0.00    6.62 v _09193_/B2 (sky130_fd_sc_hd__o221a_2)
                  0.09    0.32    6.94 v _09193_/X (sky130_fd_sc_hd__o221a_2)
     4    0.02                           _03516_ (net)
                  0.09    0.00    6.94 v _09245_/A1 (sky130_fd_sc_hd__o21ai_4)
                  0.20    0.24    7.18 ^ _09245_/Y (sky130_fd_sc_hd__o21ai_4)
     5    0.02                           _03560_ (net)
                  0.20    0.00    7.18 ^ _09269_/A1 (sky130_fd_sc_hd__a31oi_2)
                  0.11    0.16    7.34 v _09269_/Y (sky130_fd_sc_hd__a31oi_2)
     3    0.01                           _03580_ (net)
                  0.11    0.00    7.34 v _09282_/A (sky130_fd_sc_hd__or4bb_1)
                  0.12    0.60    7.94 v _09282_/X (sky130_fd_sc_hd__or4bb_1)
     2    0.01                           _03591_ (net)
                  0.12    0.00    7.94 v _09286_/A2 (sky130_fd_sc_hd__a21o_1)
                  0.07    0.25    8.19 v _09286_/X (sky130_fd_sc_hd__a21o_1)
     3    0.01                           _03595_ (net)
                  0.07    0.00    8.19 v _09291_/A2 (sky130_fd_sc_hd__a31o_1)
                  0.04    0.22    8.41 v _09291_/X (sky130_fd_sc_hd__a31o_1)
     1    0.00                           _03599_ (net)
                  0.04    0.00    8.41 v _09292_/A2 (sky130_fd_sc_hd__o21bai_1)
                  0.10    0.12    8.53 ^ _09292_/Y (sky130_fd_sc_hd__o21bai_1)
     1    0.00                           sa_inst.sak.rows:3.cols:1.pe_ij.s3fdp_inst._24_[31] (net)
                  0.10    0.00    8.53 ^ _13554_/D (sky130_fd_sc_hd__dfrtp_2)
                                  8.53   data arrival time

                         10.00   10.00   clock clk (rise edge)
                          0.00   10.00   clock source latency
                  0.27    0.18   10.18 ^ clk (in)
     1    0.06                           clk (net)
                  0.27    0.00   10.18 ^ clkbuf_0_clk/A (sky130_fd_sc_hd__clkbuf_16)
                  0.05    0.19   10.37 ^ clkbuf_0_clk/X (sky130_fd_sc_hd__clkbuf_16)
     2    0.02                           clknet_0_clk (net)
                  0.05    0.00   10.37 ^ clkbuf_1_0_0_clk/A (sky130_fd_sc_hd__clkbuf_2)
                  0.22    0.22   10.59 ^ clkbuf_1_0_0_clk/X (sky130_fd_sc_hd__clkbuf_2)
     2    0.04                           clknet_1_0_0_clk (net)
                  0.22    0.00   10.59 ^ clkbuf_2_1_0_clk/A (sky130_fd_sc_hd__clkbuf_2)
                  0.21    0.26   10.85 ^ clkbuf_2_1_0_clk/X (sky130_fd_sc_hd__clkbuf_2)
     2    0.04                           clknet_2_1_0_clk (net)
                  0.21    0.00   10.85 ^ clkbuf_3_3_0_clk/A (sky130_fd_sc_hd__clkbuf_2)
                  0.11    0.19   11.04 ^ clkbuf_3_3_0_clk/X (sky130_fd_sc_hd__clkbuf_2)
     2    0.02                           clknet_3_3_0_clk (net)
                  0.11    0.00   11.04 ^ clkbuf_4_6_0_clk/A (sky130_fd_sc_hd__clkbuf_2)
                  0.88    0.66   11.71 ^ clkbuf_4_6_0_clk/X (sky130_fd_sc_hd__clkbuf_2)
    13    0.17                           clknet_4_6_0_clk (net)
                  0.88    0.01   11.72 ^ clkbuf_leaf_22_clk/A (sky130_fd_sc_hd__clkbuf_16)
                  0.07    0.28   12.00 ^ clkbuf_leaf_22_clk/X (sky130_fd_sc_hd__clkbuf_16)
     6    0.03                           clknet_leaf_22_clk (net)
                  0.07    0.00   12.00 ^ _13554_/CLK (sky130_fd_sc_hd__dfrtp_2)
                         -0.25   11.75   clock uncertainty
                          0.11   11.86   clock reconvergence pessimism
                         -0.07   11.78   library setup time
                                 11.78   data required time
-----------------------------------------------------------------------------
                                 11.78   data required time
                                 -8.53   data arrival time
-----------------------------------------------------------------------------
                                  3.26   slack (MET)


Startpoint: _13474_ (rising edge-triggered flip-flop clocked by clk)
Endpoint: _13620_ (rising edge-triggered flip-flop clocked by clk)
Path Group: clk
Path Type: max

Fanout     Cap    Slew   Delay    Time   Description
-----------------------------------------------------------------------------
                          0.00    0.00   clock clk (rise edge)
                          0.00    0.00   clock source latency
                  0.27    0.20    0.20 ^ clk (in)
     1    0.06                           clk (net)
                  0.27    0.00    0.20 ^ clkbuf_0_clk/A (sky130_fd_sc_hd__clkbuf_16)
                  0.05    0.21    0.41 ^ clkbuf_0_clk/X (sky130_fd_sc_hd__clkbuf_16)
     2    0.02                           clknet_0_clk (net)
                  0.05    0.00    0.41 ^ clkbuf_1_1_0_clk/A (sky130_fd_sc_hd__clkbuf_2)
                  0.22    0.24    0.65 ^ clkbuf_1_1_0_clk/X (sky130_fd_sc_hd__clkbuf_2)
     2    0.04                           clknet_1_1_0_clk (net)
                  0.22    0.00    0.65 ^ clkbuf_2_3_0_clk/A (sky130_fd_sc_hd__clkbuf_2)
                  0.20    0.28    0.93 ^ clkbuf_2_3_0_clk/X (sky130_fd_sc_hd__clkbuf_2)
     2    0.04                           clknet_2_3_0_clk (net)
                  0.20    0.00    0.93 ^ clkbuf_3_6_0_clk/A (sky130_fd_sc_hd__clkbuf_2)
                  0.11    0.21    1.14 ^ clkbuf_3_6_0_clk/X (sky130_fd_sc_hd__clkbuf_2)
     2    0.02                           clknet_3_6_0_clk (net)
                  0.11    0.00    1.14 ^ clkbuf_4_13_0_clk/A (sky130_fd_sc_hd__clkbuf_2)
                  0.78    0.66    1.80 ^ clkbuf_4_13_0_clk/X (sky130_fd_sc_hd__clkbuf_2)
    12    0.15                           clknet_4_13_0_clk (net)
                  0.78    0.01    1.81 ^ clkbuf_leaf_85_clk/A (sky130_fd_sc_hd__clkbuf_16)
                  0.06    0.29    2.10 ^ clkbuf_leaf_85_clk/X (sky130_fd_sc_hd__clkbuf_16)
     6    0.02                           clknet_leaf_85_clk (net)
                  0.06    0.00    2.10 ^ _13474_/CLK (sky130_fd_sc_hd__dfxtp_1)
                  0.20    0.44    2.54 ^ _13474_/Q (sky130_fd_sc_hd__dfxtp_1)
     4    0.02                           sa_inst.sak.rows:2.cols:3.pe_ij.s3fdp_inst.significand_product_shifter_inst._0_[1] (net)
                  0.20    0.00    2.54 ^ _08432_/A (sky130_fd_sc_hd__clkbuf_2)
                  0.13    0.23    2.77 ^ _08432_/X (sky130_fd_sc_hd__clkbuf_2)
     5    0.02                           _02848_ (net)
                  0.13    0.00    2.77 ^ _08466_/S (sky130_fd_sc_hd__mux2_1)
                  0.09    0.40    3.17 v _08466_/X (sky130_fd_sc_hd__mux2_1)
     3    0.01                           _02880_ (net)
                  0.09    0.00    3.17 v _08534_/A1 (sky130_fd_sc_hd__mux4_1)
                  0.11    0.58    3.75 v _08534_/X (sky130_fd_sc_hd__mux4_1)
     1    0.01                           _02944_ (net)
                  0.11    0.00    3.75 v _08535_/B (sky130_fd_sc_hd__and2_2)
                  0.08    0.28    4.03 v _08535_/X (sky130_fd_sc_hd__and2_2)
     3    0.02                           _02945_ (net)
                  0.08    0.00    4.03 v _08552_/B (sky130_fd_sc_hd__and3_1)
                  0.09    0.25    4.28 v _08552_/X (sky130_fd_sc_hd__and3_1)
     5    0.02                           _02961_ (net)
                  0.09    0.00    4.28 v _08582_/B (sky130_fd_sc_hd__nand3_1)
                  0.15    0.17    4.45 ^ _08582_/Y (sky130_fd_sc_hd__nand3_1)
     3    0.01                           _02989_ (net)
                  0.15    0.00    4.45 ^ _08583_/A (sky130_fd_sc_hd__clkbuf_2)
                  0.14    0.22    4.67 ^ _08583_/X (sky130_fd_sc_hd__clkbuf_2)
     5    0.03                           _02990_ (net)
                  0.14    0.00    4.67 ^ _08591_/A (sky130_fd_sc_hd__dlymetal6s2s_1)
                  0.23    0.26    4.93 ^ _08591_/X (sky130_fd_sc_hd__dlymetal6s2s_1)
     5    0.02                           _02998_ (net)
                  0.23    0.00    4.93 ^ _09425_/A1 (sky130_fd_sc_hd__a21oi_1)
                  0.11    0.16    5.09 v _09425_/Y (sky130_fd_sc_hd__a21oi_1)
     3    0.01                           _03690_ (net)
                  0.11    0.00    5.09 v _09447_/D (sky130_fd_sc_hd__or4_1)
                  0.09    0.44    5.53 v _09447_/X (sky130_fd_sc_hd__or4_1)
     1    0.00                           _03709_ (net)
                  0.09    0.00    5.53 v _09448_/B (sky130_fd_sc_hd__nor4_1)
                  0.43    0.45    5.99 ^ _09448_/Y (sky130_fd_sc_hd__nor4_1)
     1    0.01                           _03710_ (net)
                  0.43    0.00    5.99 ^ _09449_/B1 (sky130_fd_sc_hd__o41ai_2)
                  0.12    0.18    6.17 v _09449_/Y (sky130_fd_sc_hd__o41ai_2)
     1    0.01                           _03711_ (net)
                  0.12    0.00    6.17 v _09453_/A3 (sky130_fd_sc_hd__a31o_1)
                  0.08    0.30    6.47 v _09453_/X (sky130_fd_sc_hd__a31o_1)
     3    0.01                           _03715_ (net)
                  0.08    0.00    6.47 v _09481_/B2 (sky130_fd_sc_hd__o221a_2)
                  0.10    0.32    6.79 v _09481_/X (sky130_fd_sc_hd__o221a_2)
     5    0.03                           _03739_ (net)
                  0.10    0.00    6.79 v _09537_/A1 (sky130_fd_sc_hd__o211ai_4)
                  0.26    0.30    7.10 ^ _09537_/Y (sky130_fd_sc_hd__o211ai_4)
     5    0.03                           _03787_ (net)
                  0.26    0.00    7.10 ^ _09561_/A1 (sky130_fd_sc_hd__a31oi_2)
                  0.12    0.17    7.27 v _09561_/Y (sky130_fd_sc_hd__a31oi_2)
     3    0.01                           _03807_ (net)
                  0.12    0.00    7.27 v _09574_/A (sky130_fd_sc_hd__or4bb_1)
                  0.12    0.60    7.87 v _09574_/X (sky130_fd_sc_hd__or4bb_1)
     2    0.01                           _03818_ (net)
                  0.12    0.00    7.87 v _09578_/A2 (sky130_fd_sc_hd__a21o_1)
                  0.07    0.25    8.12 v _09578_/X (sky130_fd_sc_hd__a21o_1)
     3    0.01                           _03822_ (net)
                  0.07    0.00    8.12 v _09583_/A2 (sky130_fd_sc_hd__a31o_1)
                  0.04    0.22    8.34 v _09583_/X (sky130_fd_sc_hd__a31o_1)
     1    0.00                           _03826_ (net)
                  0.04    0.00    8.34 v _09584_/A2 (sky130_fd_sc_hd__o21bai_1)
                  0.12    0.13    8.47 ^ _09584_/Y (sky130_fd_sc_hd__o21bai_1)
     1    0.00                           sa_inst.sak.rows:3.cols:2.pe_ij.s3fdp_inst._24_[31] (net)
                  0.12    0.00    8.47 ^ _13620_/D (sky130_fd_sc_hd__dfrtp_1)
                                  8.47   data arrival time

                         10.00   10.00   clock clk (rise edge)
                          0.00   10.00   clock source latency
                  0.27    0.18   10.18 ^ clk (in)
     1    0.06                           clk (net)
                  0.27    0.00   10.18 ^ clkbuf_0_clk/A (sky130_fd_sc_hd__clkbuf_16)
                  0.05    0.19   10.37 ^ clkbuf_0_clk/X (sky130_fd_sc_hd__clkbuf_16)
     2    0.02                           clknet_0_clk (net)
                  0.05    0.00   10.37 ^ clkbuf_1_1_0_clk/A (sky130_fd_sc_hd__clkbuf_2)
                  0.22    0.21   10.58 ^ clkbuf_1_1_0_clk/X (sky130_fd_sc_hd__clkbuf_2)
     2    0.04                           clknet_1_1_0_clk (net)
                  0.22    0.00   10.59 ^ clkbuf_2_2_0_clk/A (sky130_fd_sc_hd__clkbuf_2)
                  0.20    0.26   10.84 ^ clkbuf_2_2_0_clk/X (sky130_fd_sc_hd__clkbuf_2)
     2    0.04                           clknet_2_2_0_clk (net)
                  0.20    0.00   10.85 ^ clkbuf_3_4_0_clk/A (sky130_fd_sc_hd__clkbuf_2)
                  0.13    0.20   11.05 ^ clkbuf_3_4_0_clk/X (sky130_fd_sc_hd__clkbuf_2)
     2    0.02                           clknet_3_4_0_clk (net)
                  0.13    0.00   11.05 ^ clkbuf_4_9_0_clk/A (sky130_fd_sc_hd__clkbuf_2)
                  0.88    0.67   11.72 ^ clkbuf_4_9_0_clk/X (sky130_fd_sc_hd__clkbuf_2)
    13    0.16                           clknet_4_9_0_clk (net)
                  0.88    0.01   11.72 ^ clkbuf_leaf_116_clk/A (sky130_fd_sc_hd__clkbuf_16)
                  0.07    0.29   12.01 ^ clkbuf_leaf_116_clk/X (sky130_fd_sc_hd__clkbuf_16)
    10    0.03                           clknet_leaf_116_clk (net)
                  0.07    0.00   12.01 ^ _13620_/CLK (sky130_fd_sc_hd__dfrtp_1)
                         -0.25   11.76   clock uncertainty
                          0.06   11.82   clock reconvergence pessimism
                         -0.07   11.75   library setup time
                                 11.75   data required time
-----------------------------------------------------------------------------
                                 11.75   data required time
                                 -8.47   data arrival time
-----------------------------------------------------------------------------
                                  3.28   slack (MET)


