
===========================================================================
 report_clock_skew
============================================================================

======================== Slowest Corner ==================================

Clock clk
Latency      CRPR       Skew
_13468_/CLK ^
   3.94
_12759_/CLK ^
   3.24     -0.07       0.64


======================= Typical Corner ===================================

Clock clk
Latency      CRPR       Skew
_13468_/CLK ^
   2.22
_12759_/CLK ^
   1.83     -0.04       0.35


======================= Fastest Corner ===================================

Clock clk
Latency      CRPR       Skew
_13468_/CLK ^
   1.49
_12759_/CLK ^
   1.23     -0.03       0.24

